[0.667s] Invoking command in '/root/gcamp_ros2_ws/src/gcamp_ros2_basic/posenet_pkg/build/posenet_pkg': PYTHONPATH=/root/gcamp_ros2_ws/src/gcamp_ros2_basic/posenet_pkg/install/posenet_pkg/lib/python3.8/site-packages:${PYTHONPATH} /usr/bin/python3 setup.py develop --prefix /root/gcamp_ros2_ws/src/gcamp_ros2_basic/posenet_pkg/install/posenet_pkg --editable --build-directory /root/gcamp_ros2_ws/src/gcamp_ros2_basic/posenet_pkg/build/posenet_pkg/build --no-deps install_data --install-dir /root/gcamp_ros2_ws/src/gcamp_ros2_basic/posenet_pkg/install/posenet_pkg
[0.914s] running develop
[1.054s] running egg_info
[1.054s] creating posenet_pkg.egg-info
[1.054s] writing posenet_pkg.egg-info/PKG-INFO
[1.054s] writing dependency_links to posenet_pkg.egg-info/dependency_links.txt
[1.054s] writing entry points to posenet_pkg.egg-info/entry_points.txt
[1.055s] writing requirements to posenet_pkg.egg-info/requires.txt
[1.055s] writing top-level names to posenet_pkg.egg-info/top_level.txt
[1.056s] writing manifest file 'posenet_pkg.egg-info/SOURCES.txt'
[1.088s] reading manifest file 'posenet_pkg.egg-info/SOURCES.txt'
[1.089s] writing manifest file 'posenet_pkg.egg-info/SOURCES.txt'
[1.123s] running build_ext
[1.124s] Creating /root/gcamp_ros2_ws/src/gcamp_ros2_basic/posenet_pkg/install/posenet_pkg/lib/python3.8/site-packages/site.py
[1.126s] Creating /root/gcamp_ros2_ws/src/gcamp_ros2_basic/posenet_pkg/install/posenet_pkg/lib/python3.8/site-packages/posenet-pkg.egg-link (link to .)
[1.127s] Installing Posenet_pytorch_node script to /root/gcamp_ros2_ws/src/gcamp_ros2_basic/posenet_pkg/install/posenet_pkg/lib/posenet_pkg
[1.127s] Installing image_publish_node script to /root/gcamp_ros2_ws/src/gcamp_ros2_basic/posenet_pkg/install/posenet_pkg/lib/posenet_pkg
[1.128s] 
[1.128s] Installed /root/gcamp_ros2_ws/src/gcamp_ros2_basic/posenet_pkg/build/posenet_pkg
[1.129s] running install_data
[1.129s] creating /root/gcamp_ros2_ws/src/gcamp_ros2_basic/posenet_pkg/install/posenet_pkg/share/ament_index
[1.129s] creating /root/gcamp_ros2_ws/src/gcamp_ros2_basic/posenet_pkg/install/posenet_pkg/share/ament_index/resource_index
[1.129s] creating /root/gcamp_ros2_ws/src/gcamp_ros2_basic/posenet_pkg/install/posenet_pkg/share/ament_index/resource_index/packages
[1.130s] copying resource/posenet_pkg -> /root/gcamp_ros2_ws/src/gcamp_ros2_basic/posenet_pkg/install/posenet_pkg/share/ament_index/resource_index/packages
[1.130s] copying package.xml -> /root/gcamp_ros2_ws/src/gcamp_ros2_basic/posenet_pkg/install/posenet_pkg/share/posenet_pkg
[1.163s] Invoked command in '/root/gcamp_ros2_ws/src/gcamp_ros2_basic/posenet_pkg/build/posenet_pkg' returned '0': PYTHONPATH=/root/gcamp_ros2_ws/src/gcamp_ros2_basic/posenet_pkg/install/posenet_pkg/lib/python3.8/site-packages:${PYTHONPATH} /usr/bin/python3 setup.py develop --prefix /root/gcamp_ros2_ws/src/gcamp_ros2_basic/posenet_pkg/install/posenet_pkg --editable --build-directory /root/gcamp_ros2_ws/src/gcamp_ros2_basic/posenet_pkg/build/posenet_pkg/build --no-deps install_data --install-dir /root/gcamp_ros2_ws/src/gcamp_ros2_basic/posenet_pkg/install/posenet_pkg
