[0.697s] Invoking command in '/root/gcamp_ros2_ws/src/gcamp_ros2_basic/posenet_pkg/build/posenet_pkg': PYTHONPATH=/root/gcamp_ros2_ws/src/gcamp_ros2_basic/posenet_pkg/install/posenet_pkg/lib/python3.8/site-packages:${PYTHONPATH} /usr/bin/python3 setup.py develop --prefix /root/gcamp_ros2_ws/src/gcamp_ros2_basic/posenet_pkg/install/posenet_pkg --editable --build-directory /root/gcamp_ros2_ws/src/gcamp_ros2_basic/posenet_pkg/build/posenet_pkg/build --no-deps install_data --install-dir /root/gcamp_ros2_ws/src/gcamp_ros2_basic/posenet_pkg/install/posenet_pkg
[0.949s] running develop
[1.091s] running egg_info
[1.091s] writing posenet_pkg.egg-info/PKG-INFO
[1.091s] writing dependency_links to posenet_pkg.egg-info/dependency_links.txt
[1.092s] writing entry points to posenet_pkg.egg-info/entry_points.txt
[1.092s] writing requirements to posenet_pkg.egg-info/requires.txt
[1.092s] writing top-level names to posenet_pkg.egg-info/top_level.txt
[1.126s] reading manifest file 'posenet_pkg.egg-info/SOURCES.txt'
[1.127s] writing manifest file 'posenet_pkg.egg-info/SOURCES.txt'
[1.163s] running build_ext
[1.164s] Creating /root/gcamp_ros2_ws/src/gcamp_ros2_basic/posenet_pkg/install/posenet_pkg/lib/python3.8/site-packages/posenet-pkg.egg-link (link to .)
[1.165s] Installing Posenet_pytorch_node script to /root/gcamp_ros2_ws/src/gcamp_ros2_basic/posenet_pkg/install/posenet_pkg/lib/posenet_pkg
[1.165s] Installing data_publish_node script to /root/gcamp_ros2_ws/src/gcamp_ros2_basic/posenet_pkg/install/posenet_pkg/lib/posenet_pkg
[1.165s] Installing image_publish_node script to /root/gcamp_ros2_ws/src/gcamp_ros2_basic/posenet_pkg/install/posenet_pkg/lib/posenet_pkg
[1.166s] Installing rviz_node script to /root/gcamp_ros2_ws/src/gcamp_ros2_basic/posenet_pkg/install/posenet_pkg/lib/posenet_pkg
[1.166s] 
[1.166s] Installed /root/gcamp_ros2_ws/src/gcamp_ros2_basic/posenet_pkg/build/posenet_pkg
[1.166s] running install_data
[1.197s] Invoked command in '/root/gcamp_ros2_ws/src/gcamp_ros2_basic/posenet_pkg/build/posenet_pkg' returned '0': PYTHONPATH=/root/gcamp_ros2_ws/src/gcamp_ros2_basic/posenet_pkg/install/posenet_pkg/lib/python3.8/site-packages:${PYTHONPATH} /usr/bin/python3 setup.py develop --prefix /root/gcamp_ros2_ws/src/gcamp_ros2_basic/posenet_pkg/install/posenet_pkg --editable --build-directory /root/gcamp_ros2_ws/src/gcamp_ros2_basic/posenet_pkg/build/posenet_pkg/build --no-deps install_data --install-dir /root/gcamp_ros2_ws/src/gcamp_ros2_basic/posenet_pkg/install/posenet_pkg
