[0.508s] DEBUG:colcon:Command line arguments: ['/usr/bin/colcon', 'build', '--symlink-install', '--packages-select', 'posenet_pkg']
[0.491s] DEBUG:colcon:Command line arguments: ['/usr/bin/colcon', 'build', '--symlink-install', '--packages-select', 'posenet_pkg']
[0.502s] DEBUG:colcon:Command line arguments: ['/usr/bin/colcon', 'build', '--symlink-install', '--packages-select', 'posenet_pkg']
[0.508s] DEBUG:colcon:Command line arguments: ['/usr/bin/colcon', 'build', '--symlink-install', '--packages-select', 'posenet_pkg']
[0.509s] DEBUG:colcon:Parsed command line arguments: Namespace(allow_overriding=[], ament_cmake_args=None, base_paths=['.'], build_base='build', catkin_cmake_args=None, catkin_skip_building_tests=False, cmake_args=None, cmake_clean_cache=False, cmake_clean_first=False, cmake_force_configure=False, cmake_target=None, cmake_target_skip_unavailable=False, continue_on_error=False, event_handlers=None, executor='parallel', ignore_user_meta=False, install_base='install', log_base=None, log_level=None, main=<bound method BuildVerb.main of <colcon_core.verb.build.BuildVerb object at 0x7f3013fb8580>>, merge_install=False, metas=['./colcon.meta'], packages_above=None, packages_above_and_dependencies=None, packages_above_depth=None, packages_end=None, packages_ignore=None, packages_ignore_regex=None, packages_select=['posenet_pkg'], packages_select_build_failed=False, packages_select_by_dep=None, packages_select_regex=None, packages_select_test_failures=False, packages_skip=None, packages_skip_build_finished=False, packages_skip_by_dep=None, packages_skip_regex=None, packages_skip_test_passed=False, packages_skip_up_to=None, packages_start=None, packages_up_to=None, packages_up_to_regex=None, parallel_workers=12, paths=None, symlink_install=True, test_result_base=None, verb_extension=<colcon_core.verb.build.BuildVerb object at 0x7f3013fb8580>, verb_name='build', verb_parser=<colcon_defaults.argument_parser.defaults.DefaultArgumentsDecorator object at 0x7f3013e880d0>)
[0.502s] DEBUG:colcon:Parsed command line arguments: Namespace(allow_overriding=[], ament_cmake_args=None, base_paths=['.'], build_base='build', catkin_cmake_args=None, catkin_skip_building_tests=False, cmake_args=None, cmake_clean_cache=False, cmake_clean_first=False, cmake_force_configure=False, cmake_target=None, cmake_target_skip_unavailable=False, continue_on_error=False, event_handlers=None, executor='parallel', ignore_user_meta=False, install_base='install', log_base=None, log_level=None, main=<bound method BuildVerb.main of <colcon_core.verb.build.BuildVerb object at 0x7fb31a61eb20>>, merge_install=False, metas=['./colcon.meta'], packages_above=None, packages_above_and_dependencies=None, packages_above_depth=None, packages_end=None, packages_ignore=None, packages_ignore_regex=None, packages_select=['posenet_pkg'], packages_select_build_failed=False, packages_select_by_dep=None, packages_select_regex=None, packages_select_test_failures=False, packages_skip=None, packages_skip_build_finished=False, packages_skip_by_dep=None, packages_skip_regex=None, packages_skip_test_passed=False, packages_skip_up_to=None, packages_start=None, packages_up_to=None, packages_up_to_regex=None, parallel_workers=12, paths=None, symlink_install=True, test_result_base=None, verb_extension=<colcon_core.verb.build.BuildVerb object at 0x7fb31a61eb20>, verb_name='build', verb_parser=<colcon_defaults.argument_parser.defaults.DefaultArgumentsDecorator object at 0x7fb31a3d71c0>)
[0.491s] DEBUG:colcon:Parsed command line arguments: Namespace(allow_overriding=[], ament_cmake_args=None, base_paths=['.'], build_base='build', catkin_cmake_args=None, catkin_skip_building_tests=False, cmake_args=None, cmake_clean_cache=False, cmake_clean_first=False, cmake_force_configure=False, cmake_target=None, cmake_target_skip_unavailable=False, continue_on_error=False, event_handlers=None, executor='parallel', ignore_user_meta=False, install_base='install', log_base=None, log_level=None, main=<bound method BuildVerb.main of <colcon_core.verb.build.BuildVerb object at 0x7fe7392825e0>>, merge_install=False, metas=['./colcon.meta'], packages_above=None, packages_above_and_dependencies=None, packages_above_depth=None, packages_end=None, packages_ignore=None, packages_ignore_regex=None, packages_select=['posenet_pkg'], packages_select_build_failed=False, packages_select_by_dep=None, packages_select_regex=None, packages_select_test_failures=False, packages_skip=None, packages_skip_build_finished=False, packages_skip_by_dep=None, packages_skip_regex=None, packages_skip_test_passed=False, packages_skip_up_to=None, packages_start=None, packages_up_to=None, packages_up_to_regex=None, parallel_workers=12, paths=None, symlink_install=True, test_result_base=None, verb_extension=<colcon_core.verb.build.BuildVerb object at 0x7fe7392825e0>, verb_name='build', verb_parser=<colcon_defaults.argument_parser.defaults.DefaultArgumentsDecorator object at 0x7fe7391521f0>)
[0.509s] DEBUG:colcon:Parsed command line arguments: Namespace(allow_overriding=[], ament_cmake_args=None, base_paths=['.'], build_base='build', catkin_cmake_args=None, catkin_skip_building_tests=False, cmake_args=None, cmake_clean_cache=False, cmake_clean_first=False, cmake_force_configure=False, cmake_target=None, cmake_target_skip_unavailable=False, continue_on_error=False, event_handlers=None, executor='parallel', ignore_user_meta=False, install_base='install', log_base=None, log_level=None, main=<bound method BuildVerb.main of <colcon_core.verb.build.BuildVerb object at 0x7fa068267c40>>, merge_install=False, metas=['./colcon.meta'], packages_above=None, packages_above_and_dependencies=None, packages_above_depth=None, packages_end=None, packages_ignore=None, packages_ignore_regex=None, packages_select=['posenet_pkg'], packages_select_build_failed=False, packages_select_by_dep=None, packages_select_regex=None, packages_select_test_failures=False, packages_skip=None, packages_skip_build_finished=False, packages_skip_by_dep=None, packages_skip_regex=None, packages_skip_test_passed=False, packages_skip_up_to=None, packages_start=None, packages_up_to=None, packages_up_to_regex=None, parallel_workers=12, paths=None, symlink_install=True, test_result_base=None, verb_extension=<colcon_core.verb.build.BuildVerb object at 0x7fa068267c40>, verb_name='build', verb_parser=<colcon_defaults.argument_parser.defaults.DefaultArgumentsDecorator object at 0x7fa0680201c0>)
[0.503s] DEBUG:colcon:Command line arguments: ['/usr/bin/colcon', 'build', '--symlink-install', '--packages-select', 'posenet_pkg']
[0.504s] DEBUG:colcon:Parsed command line arguments: Namespace(allow_overriding=[], ament_cmake_args=None, base_paths=['.'], build_base='build', catkin_cmake_args=None, catkin_skip_building_tests=False, cmake_args=None, cmake_clean_cache=False, cmake_clean_first=False, cmake_force_configure=False, cmake_target=None, cmake_target_skip_unavailable=False, continue_on_error=False, event_handlers=None, executor='parallel', ignore_user_meta=False, install_base='install', log_base=None, log_level=None, main=<bound method BuildVerb.main of <colcon_core.verb.build.BuildVerb object at 0x7fc251965430>>, merge_install=False, metas=['./colcon.meta'], packages_above=None, packages_above_and_dependencies=None, packages_above_depth=None, packages_end=None, packages_ignore=None, packages_ignore_regex=None, packages_select=['posenet_pkg'], packages_select_build_failed=False, packages_select_by_dep=None, packages_select_regex=None, packages_select_test_failures=False, packages_skip=None, packages_skip_build_finished=False, packages_skip_by_dep=None, packages_skip_regex=None, packages_skip_test_passed=False, packages_skip_up_to=None, packages_start=None, packages_up_to=None, packages_up_to_regex=None, parallel_workers=12, paths=None, symlink_install=True, test_result_base=None, verb_extension=<colcon_core.verb.build.BuildVerb object at 0x7fc251965430>, verb_name='build', verb_parser=<colcon_defaults.argument_parser.defaults.DefaultArgumentsDecorator object at 0x7fc251828e80>)
[0.494s] DEBUG:colcon:Command line arguments: ['/usr/bin/colcon', 'build', '--symlink-install', '--packages-select', 'posenet_pkg']
[0.495s] DEBUG:colcon:Parsed command line arguments: Namespace(allow_overriding=[], ament_cmake_args=None, base_paths=['.'], build_base='build', catkin_cmake_args=None, catkin_skip_building_tests=False, cmake_args=None, cmake_clean_cache=False, cmake_clean_first=False, cmake_force_configure=False, cmake_target=None, cmake_target_skip_unavailable=False, continue_on_error=False, event_handlers=None, executor='parallel', ignore_user_meta=False, install_base='install', log_base=None, log_level=None, main=<bound method BuildVerb.main of <colcon_core.verb.build.BuildVerb object at 0x7f6a06528520>>, merge_install=False, metas=['./colcon.meta'], packages_above=None, packages_above_and_dependencies=None, packages_above_depth=None, packages_end=None, packages_ignore=None, packages_ignore_regex=None, packages_select=['posenet_pkg'], packages_select_build_failed=False, packages_select_by_dep=None, packages_select_regex=None, packages_select_test_failures=False, packages_skip=None, packages_skip_build_finished=False, packages_skip_by_dep=None, packages_skip_regex=None, packages_skip_test_passed=False, packages_skip_up_to=None, packages_start=None, packages_up_to=None, packages_up_to_regex=None, parallel_workers=12, paths=None, symlink_install=True, test_result_base=None, verb_extension=<colcon_core.verb.build.BuildVerb object at 0x7f6a06528520>, verb_name='build', verb_parser=<colcon_defaults.argument_parser.defaults.DefaultArgumentsDecorator object at 0x7f6a063f8040>)
[0.587s] Level 1:colcon.colcon_core.package_discovery:discover_packages(colcon_meta) check parameters
[0.570s] Level 1:colcon.colcon_core.package_discovery:discover_packages(colcon_meta) check parameters
[0.587s] Level 1:colcon.colcon_core.package_discovery:discover_packages(colcon_meta) check parameters
[0.581s] Level 1:colcon.colcon_core.package_discovery:discover_packages(colcon_meta) check parameters
[0.581s] Level 1:colcon.colcon_core.package_discovery:discover_packages(colcon_meta) check parameters
[0.571s] Level 1:colcon.colcon_core.package_discovery:discover_packages(colcon_meta) check parameters
[0.587s] Level 1:colcon.colcon_core.package_discovery:discover_packages(recursive) check parameters
[0.570s] Level 1:colcon.colcon_core.package_discovery:discover_packages(recursive) check parameters
[0.588s] Level 1:colcon.colcon_core.package_discovery:discover_packages(ignore) check parameters
[0.570s] Level 1:colcon.colcon_core.package_discovery:discover_packages(ignore) check parameters
[0.588s] Level 1:colcon.colcon_core.package_discovery:discover_packages(recursive) check parameters
[0.588s] Level 1:colcon.colcon_core.package_discovery:discover_packages(path) check parameters
[0.570s] Level 1:colcon.colcon_core.package_discovery:discover_packages(path) check parameters
[0.581s] Level 1:colcon.colcon_core.package_discovery:discover_packages(recursive) check parameters
[0.588s] Level 1:colcon.colcon_core.package_discovery:discover_packages(ignore) check parameters
[0.581s] Level 1:colcon.colcon_core.package_discovery:discover_packages(recursive) check parameters
[0.581s] Level 1:colcon.colcon_core.package_discovery:discover_packages(ignore) check parameters
[0.571s] Level 1:colcon.colcon_core.package_discovery:discover_packages(recursive) check parameters
[0.588s] Level 1:colcon.colcon_core.package_discovery:discover_packages(path) check parameters
[0.581s] Level 1:colcon.colcon_core.package_discovery:discover_packages(path) check parameters
[0.588s] Level 1:colcon.colcon_core.package_discovery:discover_packages(colcon_meta) discover
[0.581s] Level 1:colcon.colcon_core.package_discovery:discover_packages(ignore) check parameters
[0.570s] Level 1:colcon.colcon_core.package_discovery:discover_packages(colcon_meta) discover
[0.571s] Level 1:colcon.colcon_core.package_discovery:discover_packages(ignore) check parameters
[0.588s] Level 1:colcon.colcon_core.package_discovery:discover_packages(recursive) discover
[0.581s] Level 1:colcon.colcon_core.package_discovery:discover_packages(path) check parameters
[0.570s] Level 1:colcon.colcon_core.package_discovery:discover_packages(recursive) discover
[0.571s] Level 1:colcon.colcon_core.package_discovery:discover_packages(path) check parameters
[0.588s] Level 1:colcon.colcon_core.package_discovery:discover_packages(colcon_meta) discover
[0.588s] INFO:colcon.colcon_core.package_discovery:Crawling recursively for packages in '/root/gcamp_ros2_ws/src/gcamp_ros2_basic/posenet_pkg'
[0.581s] Level 1:colcon.colcon_core.package_discovery:discover_packages(colcon_meta) discover
[0.570s] INFO:colcon.colcon_core.package_discovery:Crawling recursively for packages in '/root/gcamp_ros2_ws/src/gcamp_ros2_basic/posenet_pkg'
[0.588s] Level 1:colcon.colcon_core.package_discovery:discover_packages(recursive) discover
[0.582s] Level 1:colcon.colcon_core.package_discovery:discover_packages(recursive) discover
[0.581s] Level 1:colcon.colcon_core.package_discovery:discover_packages(colcon_meta) discover
[0.571s] Level 1:colcon.colcon_core.package_discovery:discover_packages(colcon_meta) discover
[0.588s] INFO:colcon.colcon_core.package_discovery:Crawling recursively for packages in '/root/gcamp_ros2_ws/src/gcamp_ros2_basic/posenet_pkg'
[0.581s] Level 1:colcon.colcon_core.package_discovery:discover_packages(recursive) discover
[0.582s] INFO:colcon.colcon_core.package_discovery:Crawling recursively for packages in '/root/gcamp_ros2_ws/src/gcamp_ros2_basic/posenet_pkg'
[0.571s] Level 1:colcon.colcon_core.package_discovery:discover_packages(recursive) discover
[0.588s] Level 1:colcon.colcon_core.package_identification:_identify(.) by extensions ['ignore', 'ignore_ament_install']
[0.570s] Level 1:colcon.colcon_core.package_identification:_identify(.) by extensions ['ignore', 'ignore_ament_install']
[0.581s] INFO:colcon.colcon_core.package_discovery:Crawling recursively for packages in '/root/gcamp_ros2_ws/src/gcamp_ros2_basic/posenet_pkg'
[0.571s] INFO:colcon.colcon_core.package_discovery:Crawling recursively for packages in '/root/gcamp_ros2_ws/src/gcamp_ros2_basic/posenet_pkg'
[0.588s] Level 1:colcon.colcon_core.package_identification:_identify(.) by extensions ['ignore', 'ignore_ament_install']
[0.582s] Level 1:colcon.colcon_core.package_identification:_identify(.) by extensions ['ignore', 'ignore_ament_install']
[0.588s] Level 1:colcon.colcon_core.package_identification:_identify(.) by extension 'ignore'
[0.570s] Level 1:colcon.colcon_core.package_identification:_identify(.) by extension 'ignore'
[0.582s] Level 1:colcon.colcon_core.package_identification:_identify(.) by extensions ['ignore', 'ignore_ament_install']
[0.571s] Level 1:colcon.colcon_core.package_identification:_identify(.) by extensions ['ignore', 'ignore_ament_install']
[0.588s] Level 1:colcon.colcon_core.package_identification:_identify(.) by extension 'ignore_ament_install'
[0.570s] Level 1:colcon.colcon_core.package_identification:_identify(.) by extension 'ignore_ament_install'
[0.588s] Level 1:colcon.colcon_core.package_identification:_identify(.) by extension 'ignore'
[0.582s] Level 1:colcon.colcon_core.package_identification:_identify(.) by extension 'ignore'
[0.582s] Level 1:colcon.colcon_core.package_identification:_identify(.) by extension 'ignore'
[0.588s] Level 1:colcon.colcon_core.package_identification:_identify(.) by extension 'ignore_ament_install'
[0.588s] Level 1:colcon.colcon_core.package_identification:_identify(.) by extensions ['colcon_pkg']
[0.570s] Level 1:colcon.colcon_core.package_identification:_identify(.) by extensions ['colcon_pkg']
[0.582s] Level 1:colcon.colcon_core.package_identification:_identify(.) by extension 'ignore_ament_install'
[0.571s] Level 1:colcon.colcon_core.package_identification:_identify(.) by extension 'ignore'
[0.588s] Level 1:colcon.colcon_core.package_identification:_identify(.) by extension 'colcon_pkg'
[0.570s] Level 1:colcon.colcon_core.package_identification:_identify(.) by extension 'colcon_pkg'
[0.582s] Level 1:colcon.colcon_core.package_identification:_identify(.) by extension 'ignore_ament_install'
[0.588s] Level 1:colcon.colcon_core.package_identification:_identify(.) by extensions ['colcon_pkg']
[0.582s] Level 1:colcon.colcon_core.package_identification:_identify(.) by extensions ['colcon_pkg']
[0.588s] Level 1:colcon.colcon_core.package_identification:_identify(.) by extensions ['colcon_meta']
[0.572s] Level 1:colcon.colcon_core.package_identification:_identify(.) by extension 'ignore_ament_install'
[0.570s] Level 1:colcon.colcon_core.package_identification:_identify(.) by extensions ['colcon_meta']
[0.588s] Level 1:colcon.colcon_core.package_identification:_identify(.) by extension 'colcon_pkg'
[0.582s] Level 1:colcon.colcon_core.package_identification:_identify(.) by extension 'colcon_pkg'
[0.588s] Level 1:colcon.colcon_core.package_identification:_identify(.) by extension 'colcon_meta'
[0.582s] Level 1:colcon.colcon_core.package_identification:_identify(.) by extensions ['colcon_pkg']
[0.571s] Level 1:colcon.colcon_core.package_identification:_identify(.) by extension 'colcon_meta'
[0.588s] Level 1:colcon.colcon_core.package_identification:_identify(.) by extensions ['colcon_meta']
[0.582s] Level 1:colcon.colcon_core.package_identification:_identify(.) by extension 'colcon_pkg'
[0.572s] Level 1:colcon.colcon_core.package_identification:_identify(.) by extensions ['colcon_pkg']
[0.582s] Level 1:colcon.colcon_core.package_identification:_identify(.) by extensions ['colcon_meta']
[0.588s] Level 1:colcon.colcon_core.package_identification:_identify(.) by extensions ['ros']
[0.571s] Level 1:colcon.colcon_core.package_identification:_identify(.) by extensions ['ros']
[0.588s] Level 1:colcon.colcon_core.package_identification:_identify(.) by extension 'colcon_meta'
[0.582s] Level 1:colcon.colcon_core.package_identification:_identify(.) by extension 'colcon_meta'
[0.572s] Level 1:colcon.colcon_core.package_identification:_identify(.) by extension 'colcon_pkg'
[0.588s] Level 1:colcon.colcon_core.package_identification:_identify(.) by extension 'ros'
[0.571s] Level 1:colcon.colcon_core.package_identification:_identify(.) by extension 'ros'
[0.582s] Level 1:colcon.colcon_core.package_identification:_identify(.) by extensions ['colcon_meta']
[0.588s] Level 1:colcon.colcon_core.package_identification:_identify(.) by extensions ['ros']
[0.582s] Level 1:colcon.colcon_core.package_identification:_identify(.) by extensions ['ros']
[0.582s] Level 1:colcon.colcon_core.package_identification:_identify(.) by extension 'colcon_meta'
[0.572s] Level 1:colcon.colcon_core.package_identification:_identify(.) by extensions ['colcon_meta']
[0.588s] Level 1:colcon.colcon_core.package_identification:_identify(.) by extension 'ros'
[0.582s] Level 1:colcon.colcon_core.package_identification:_identify(.) by extension 'ros'
[0.572s] Level 1:colcon.colcon_core.package_identification:_identify(.) by extension 'colcon_meta'
[0.582s] Level 1:colcon.colcon_core.package_identification:_identify(.) by extensions ['ros']
[0.582s] Level 1:colcon.colcon_core.package_identification:_identify(.) by extension 'ros'
[0.572s] Level 1:colcon.colcon_core.package_identification:_identify(.) by extensions ['ros']
[0.572s] Level 1:colcon.colcon_core.package_identification:_identify(.) by extension 'ros'
[0.623s] DEBUG:colcon.colcon_core.package_identification:Package '.' with type 'ros.ament_python' and name 'posenet_pkg'
[0.612s] DEBUG:colcon.colcon_core.package_identification:Package '.' with type 'ros.ament_python' and name 'posenet_pkg'
[0.623s] Level 1:colcon.colcon_core.package_discovery:discover_packages(recursive) using defaults
[0.630s] DEBUG:colcon.colcon_core.package_identification:Package '.' with type 'ros.ament_python' and name 'posenet_pkg'
[0.612s] Level 1:colcon.colcon_core.package_discovery:discover_packages(recursive) using defaults
[0.624s] Level 1:colcon.colcon_core.package_discovery:discover_packages(ignore) discover
[0.613s] Level 1:colcon.colcon_core.package_discovery:discover_packages(ignore) discover
[0.624s] Level 1:colcon.colcon_core.package_discovery:discover_packages(ignore) using defaults
[0.613s] Level 1:colcon.colcon_core.package_discovery:discover_packages(ignore) using defaults
[0.624s] Level 1:colcon.colcon_core.package_discovery:discover_packages(path) discover
[0.613s] Level 1:colcon.colcon_core.package_discovery:discover_packages(path) discover
[0.624s] Level 1:colcon.colcon_core.package_discovery:discover_packages(path) using defaults
[0.631s] Level 1:colcon.colcon_core.package_discovery:discover_packages(recursive) using defaults
[0.613s] Level 1:colcon.colcon_core.package_discovery:discover_packages(path) using defaults
[0.631s] Level 1:colcon.colcon_core.package_discovery:discover_packages(ignore) discover
[0.631s] Level 1:colcon.colcon_core.package_discovery:discover_packages(ignore) using defaults
[0.631s] Level 1:colcon.colcon_core.package_discovery:discover_packages(path) discover
[0.631s] Level 1:colcon.colcon_core.package_discovery:discover_packages(path) using defaults
[0.636s] DEBUG:colcon.colcon_core.package_identification:Package '.' with type 'ros.ament_python' and name 'posenet_pkg'
[0.630s] DEBUG:colcon.colcon_core.package_identification:Package '.' with type 'ros.ament_python' and name 'posenet_pkg'
[0.636s] Level 1:colcon.colcon_core.package_discovery:discover_packages(recursive) using defaults
[0.630s] Level 1:colcon.colcon_core.package_discovery:discover_packages(recursive) using defaults
[0.637s] Level 1:colcon.colcon_core.package_discovery:discover_packages(ignore) discover
[0.637s] Level 1:colcon.colcon_core.package_discovery:discover_packages(ignore) using defaults
[0.631s] Level 1:colcon.colcon_core.package_discovery:discover_packages(ignore) discover
[0.637s] Level 1:colcon.colcon_core.package_discovery:discover_packages(path) discover
[0.637s] Level 1:colcon.colcon_core.package_discovery:discover_packages(path) using defaults
[0.631s] Level 1:colcon.colcon_core.package_discovery:discover_packages(ignore) using defaults
[0.632s] Level 1:colcon.colcon_core.package_discovery:discover_packages(path) discover
[0.632s] Level 1:colcon.colcon_core.package_discovery:discover_packages(path) using defaults
[0.623s] DEBUG:colcon.colcon_core.package_identification:Package '.' with type 'ros.ament_python' and name 'posenet_pkg'
[0.624s] Level 1:colcon.colcon_core.package_discovery:discover_packages(recursive) using defaults
[0.625s] Level 1:colcon.colcon_core.package_discovery:discover_packages(ignore) discover
[0.625s] Level 1:colcon.colcon_core.package_discovery:discover_packages(ignore) using defaults
[0.625s] Level 1:colcon.colcon_core.package_discovery:discover_packages(path) discover
[0.626s] Level 1:colcon.colcon_core.package_discovery:discover_packages(path) using defaults
[0.786s] Level 1:colcon.colcon_core.package_discovery:discover_packages(prefix_path) check parameters
[0.786s] Level 1:colcon.colcon_core.package_discovery:discover_packages(prefix_path) discover
[0.798s] Level 1:colcon.colcon_core.package_discovery:discover_packages(prefix_path) check parameters
[0.799s] Level 1:colcon.colcon_core.package_discovery:discover_packages(prefix_path) discover
[0.783s] Level 1:colcon.colcon_core.package_discovery:discover_packages(prefix_path) check parameters
[0.783s] Level 1:colcon.colcon_core.package_discovery:discover_packages(prefix_path) discover
[0.804s] Level 1:colcon.colcon_core.package_discovery:discover_packages(prefix_path) check parameters
[0.804s] Level 1:colcon.colcon_core.package_discovery:discover_packages(prefix_path) discover
[0.786s] Level 1:colcon.colcon_core.package_discovery:discover_packages(prefix_path) check parameters
[0.787s] Level 1:colcon.colcon_core.package_discovery:discover_packages(prefix_path) discover
[0.799s] Level 1:colcon.colcon_core.package_discovery:discover_packages(prefix_path) check parameters
[0.799s] Level 1:colcon.colcon_core.package_discovery:discover_packages(prefix_path) discover
[0.800s] DEBUG:colcon.colcon_installed_package_information.package_discovery:Found 14 installed packages in /root/gcamp_ros2_ws/install
[0.807s] DEBUG:colcon.colcon_installed_package_information.package_discovery:Found 14 installed packages in /root/gcamp_ros2_ws/install
[0.791s] DEBUG:colcon.colcon_installed_package_information.package_discovery:Found 14 installed packages in /root/gcamp_ros2_ws/install
[0.809s] DEBUG:colcon.colcon_installed_package_information.package_discovery:Found 14 installed packages in /root/gcamp_ros2_ws/install
[0.803s] DEBUG:colcon.colcon_installed_package_information.package_discovery:Found 307 installed packages in /opt/ros/foxy
[0.792s] DEBUG:colcon.colcon_installed_package_information.package_discovery:Found 14 installed packages in /root/gcamp_ros2_ws/install
[0.810s] DEBUG:colcon.colcon_installed_package_information.package_discovery:Found 307 installed packages in /opt/ros/foxy
[0.794s] DEBUG:colcon.colcon_installed_package_information.package_discovery:Found 307 installed packages in /opt/ros/foxy
[0.813s] DEBUG:colcon.colcon_installed_package_information.package_discovery:Found 307 installed packages in /opt/ros/foxy
[0.808s] DEBUG:colcon.colcon_installed_package_information.package_discovery:Found 14 installed packages in /root/gcamp_ros2_ws/install
[0.809s] Level 1:colcon.colcon_core.package_discovery:discover_packages(prefix_path) using defaults
[0.799s] DEBUG:colcon.colcon_installed_package_information.package_discovery:Found 307 installed packages in /opt/ros/foxy
[0.817s] Level 1:colcon.colcon_core.package_discovery:discover_packages(prefix_path) using defaults
[0.800s] Level 1:colcon.colcon_core.package_discovery:discover_packages(prefix_path) using defaults
[0.817s] Level 1:colcon.colcon_core.package_discovery:discover_packages(prefix_path) using defaults
[0.814s] DEBUG:colcon.colcon_installed_package_information.package_discovery:Found 307 installed packages in /opt/ros/foxy
[0.803s] Level 1:colcon.colcon_core.package_discovery:discover_packages(prefix_path) using defaults
[0.817s] Level 1:colcon.colcon_core.package_discovery:discover_packages(prefix_path) using defaults
[0.988s] Level 5:colcon.colcon_core.verb:set package 'posenet_pkg' build argument 'cmake_args' from command line to 'None'
[0.988s] Level 5:colcon.colcon_core.verb:set package 'posenet_pkg' build argument 'cmake_target' from command line to 'None'
[0.989s] Level 5:colcon.colcon_core.verb:set package 'posenet_pkg' build argument 'cmake_target_skip_unavailable' from command line to 'False'
[0.989s] Level 5:colcon.colcon_core.verb:set package 'posenet_pkg' build argument 'cmake_clean_cache' from command line to 'False'
[0.989s] Level 5:colcon.colcon_core.verb:set package 'posenet_pkg' build argument 'cmake_clean_first' from command line to 'False'
[0.989s] Level 5:colcon.colcon_core.verb:set package 'posenet_pkg' build argument 'cmake_force_configure' from command line to 'False'
[0.989s] Level 5:colcon.colcon_core.verb:set package 'posenet_pkg' build argument 'ament_cmake_args' from command line to 'None'
[0.989s] Level 5:colcon.colcon_core.verb:set package 'posenet_pkg' build argument 'catkin_cmake_args' from command line to 'None'
[0.982s] Level 5:colcon.colcon_core.verb:set package 'posenet_pkg' build argument 'cmake_args' from command line to 'None'
[0.989s] Level 5:colcon.colcon_core.verb:set package 'posenet_pkg' build argument 'catkin_skip_building_tests' from command line to 'False'
[0.982s] Level 5:colcon.colcon_core.verb:set package 'posenet_pkg' build argument 'cmake_target' from command line to 'None'
[0.982s] Level 5:colcon.colcon_core.verb:set package 'posenet_pkg' build argument 'cmake_target_skip_unavailable' from command line to 'False'
[0.989s] DEBUG:colcon.colcon_core.verb:Building package 'posenet_pkg' with the following arguments: {'ament_cmake_args': None, 'build_base': '/root/gcamp_ros2_ws/src/gcamp_ros2_basic/posenet_pkg/build/posenet_pkg', 'catkin_cmake_args': None, 'catkin_skip_building_tests': False, 'cmake_args': None, 'cmake_clean_cache': False, 'cmake_clean_first': False, 'cmake_force_configure': False, 'cmake_target': None, 'cmake_target_skip_unavailable': False, 'install_base': '/root/gcamp_ros2_ws/src/gcamp_ros2_basic/posenet_pkg/install/posenet_pkg', 'merge_install': False, 'path': '/root/gcamp_ros2_ws/src/gcamp_ros2_basic/posenet_pkg', 'symlink_install': True, 'test_result_base': None}
[0.982s] Level 5:colcon.colcon_core.verb:set package 'posenet_pkg' build argument 'cmake_clean_cache' from command line to 'False'
[0.983s] Level 5:colcon.colcon_core.verb:set package 'posenet_pkg' build argument 'cmake_clean_first' from command line to 'False'
[0.983s] Level 5:colcon.colcon_core.verb:set package 'posenet_pkg' build argument 'cmake_force_configure' from command line to 'False'
[0.983s] Level 5:colcon.colcon_core.verb:set package 'posenet_pkg' build argument 'ament_cmake_args' from command line to 'None'
[0.983s] Level 5:colcon.colcon_core.verb:set package 'posenet_pkg' build argument 'catkin_cmake_args' from command line to 'None'
[0.983s] Level 5:colcon.colcon_core.verb:set package 'posenet_pkg' build argument 'catkin_skip_building_tests' from command line to 'False'
[0.983s] DEBUG:colcon.colcon_core.verb:Building package 'posenet_pkg' with the following arguments: {'ament_cmake_args': None, 'build_base': '/root/gcamp_ros2_ws/src/gcamp_ros2_basic/posenet_pkg/build/posenet_pkg', 'catkin_cmake_args': None, 'catkin_skip_building_tests': False, 'cmake_args': None, 'cmake_clean_cache': False, 'cmake_clean_first': False, 'cmake_force_configure': False, 'cmake_target': None, 'cmake_target_skip_unavailable': False, 'install_base': '/root/gcamp_ros2_ws/src/gcamp_ros2_basic/posenet_pkg/install/posenet_pkg', 'merge_install': False, 'path': '/root/gcamp_ros2_ws/src/gcamp_ros2_basic/posenet_pkg', 'symlink_install': True, 'test_result_base': None}
[0.984s] INFO:colcon.colcon_core.executor:Executing jobs using 'parallel' executor
[0.990s] INFO:colcon.colcon_core.executor:Executing jobs using 'parallel' executor
[0.987s] Level 5:colcon.colcon_core.verb:set package 'posenet_pkg' build argument 'cmake_args' from command line to 'None'
[0.987s] Level 5:colcon.colcon_core.verb:set package 'posenet_pkg' build argument 'cmake_target' from command line to 'None'
[0.987s] Level 5:colcon.colcon_core.verb:set package 'posenet_pkg' build argument 'cmake_target_skip_unavailable' from command line to 'False'
[0.987s] Level 5:colcon.colcon_core.verb:set package 'posenet_pkg' build argument 'cmake_clean_cache' from command line to 'False'
[0.987s] Level 5:colcon.colcon_core.verb:set package 'posenet_pkg' build argument 'cmake_clean_first' from command line to 'False'
[0.987s] Level 5:colcon.colcon_core.verb:set package 'posenet_pkg' build argument 'cmake_force_configure' from command line to 'False'
[0.987s] Level 5:colcon.colcon_core.verb:set package 'posenet_pkg' build argument 'ament_cmake_args' from command line to 'None'
[0.987s] Level 5:colcon.colcon_core.verb:set package 'posenet_pkg' build argument 'catkin_cmake_args' from command line to 'None'
[0.987s] Level 5:colcon.colcon_core.verb:set package 'posenet_pkg' build argument 'catkin_skip_building_tests' from command line to 'False'
[0.987s] DEBUG:colcon.colcon_core.verb:Building package 'posenet_pkg' with the following arguments: {'ament_cmake_args': None, 'build_base': '/root/gcamp_ros2_ws/src/gcamp_ros2_basic/posenet_pkg/build/posenet_pkg', 'catkin_cmake_args': None, 'catkin_skip_building_tests': False, 'cmake_args': None, 'cmake_clean_cache': False, 'cmake_clean_first': False, 'cmake_force_configure': False, 'cmake_target': None, 'cmake_target_skip_unavailable': False, 'install_base': '/root/gcamp_ros2_ws/src/gcamp_ros2_basic/posenet_pkg/install/posenet_pkg', 'merge_install': False, 'path': '/root/gcamp_ros2_ws/src/gcamp_ros2_basic/posenet_pkg', 'symlink_install': True, 'test_result_base': None}
[0.988s] INFO:colcon.colcon_core.executor:Executing jobs using 'parallel' executor
[0.989s] DEBUG:colcon.colcon_parallel_executor.executor.parallel:run_until_complete
[0.996s] DEBUG:colcon.colcon_parallel_executor.executor.parallel:run_until_complete
[0.989s] INFO:colcon.colcon_ros.task.ament_python.build:Building ROS package in '/root/gcamp_ros2_ws/src/gcamp_ros2_basic/posenet_pkg' with build type 'ament_python'
[0.990s] Level 1:colcon.colcon_core.shell:create_environment_hook('posenet_pkg', 'ament_prefix_path')
[0.982s] Level 5:colcon.colcon_core.verb:set package 'posenet_pkg' build argument 'cmake_args' from command line to 'None'
[0.982s] Level 5:colcon.colcon_core.verb:set package 'posenet_pkg' build argument 'cmake_target' from command line to 'None'
[0.982s] Level 5:colcon.colcon_core.verb:set package 'posenet_pkg' build argument 'cmake_target_skip_unavailable' from command line to 'False'
[0.982s] Level 5:colcon.colcon_core.verb:set package 'posenet_pkg' build argument 'cmake_clean_cache' from command line to 'False'
[0.983s] Level 5:colcon.colcon_core.verb:set package 'posenet_pkg' build argument 'cmake_clean_first' from command line to 'False'
[0.982s] Level 5:colcon.colcon_core.verb:set package 'posenet_pkg' build argument 'cmake_args' from command line to 'None'
[0.983s] Level 5:colcon.colcon_core.verb:set package 'posenet_pkg' build argument 'cmake_force_configure' from command line to 'False'
[0.983s] Level 5:colcon.colcon_core.verb:set package 'posenet_pkg' build argument 'ament_cmake_args' from command line to 'None'
[0.983s] Level 5:colcon.colcon_core.verb:set package 'posenet_pkg' build argument 'catkin_cmake_args' from command line to 'None'
[0.983s] Level 5:colcon.colcon_core.verb:set package 'posenet_pkg' build argument 'catkin_skip_building_tests' from command line to 'False'
[0.982s] Level 5:colcon.colcon_core.verb:set package 'posenet_pkg' build argument 'cmake_target' from command line to 'None'
[0.983s] DEBUG:colcon.colcon_core.verb:Building package 'posenet_pkg' with the following arguments: {'ament_cmake_args': None, 'build_base': '/root/gcamp_ros2_ws/src/gcamp_ros2_basic/posenet_pkg/build/posenet_pkg', 'catkin_cmake_args': None, 'catkin_skip_building_tests': False, 'cmake_args': None, 'cmake_clean_cache': False, 'cmake_clean_first': False, 'cmake_force_configure': False, 'cmake_target': None, 'cmake_target_skip_unavailable': False, 'install_base': '/root/gcamp_ros2_ws/src/gcamp_ros2_basic/posenet_pkg/install/posenet_pkg', 'merge_install': False, 'path': '/root/gcamp_ros2_ws/src/gcamp_ros2_basic/posenet_pkg', 'symlink_install': True, 'test_result_base': None}
[0.982s] Level 5:colcon.colcon_core.verb:set package 'posenet_pkg' build argument 'cmake_target_skip_unavailable' from command line to 'False'
[0.982s] Level 5:colcon.colcon_core.verb:set package 'posenet_pkg' build argument 'cmake_clean_cache' from command line to 'False'
[0.982s] Level 5:colcon.colcon_core.verb:set package 'posenet_pkg' build argument 'cmake_clean_first' from command line to 'False'
[0.982s] Level 5:colcon.colcon_core.verb:set package 'posenet_pkg' build argument 'cmake_force_configure' from command line to 'False'
[0.982s] Level 5:colcon.colcon_core.verb:set package 'posenet_pkg' build argument 'ament_cmake_args' from command line to 'None'
[0.982s] Level 5:colcon.colcon_core.verb:set package 'posenet_pkg' build argument 'catkin_cmake_args' from command line to 'None'
[0.982s] Level 5:colcon.colcon_core.verb:set package 'posenet_pkg' build argument 'catkin_skip_building_tests' from command line to 'False'
[1.000s] Level 5:colcon.colcon_core.verb:set package 'posenet_pkg' build argument 'cmake_args' from command line to 'None'
[0.983s] DEBUG:colcon.colcon_core.verb:Building package 'posenet_pkg' with the following arguments: {'ament_cmake_args': None, 'build_base': '/root/gcamp_ros2_ws/src/gcamp_ros2_basic/posenet_pkg/build/posenet_pkg', 'catkin_cmake_args': None, 'catkin_skip_building_tests': False, 'cmake_args': None, 'cmake_clean_cache': False, 'cmake_clean_first': False, 'cmake_force_configure': False, 'cmake_target': None, 'cmake_target_skip_unavailable': False, 'install_base': '/root/gcamp_ros2_ws/src/gcamp_ros2_basic/posenet_pkg/install/posenet_pkg', 'merge_install': False, 'path': '/root/gcamp_ros2_ws/src/gcamp_ros2_basic/posenet_pkg', 'symlink_install': True, 'test_result_base': None}
[1.000s] Level 5:colcon.colcon_core.verb:set package 'posenet_pkg' build argument 'cmake_target' from command line to 'None'
[1.000s] Level 5:colcon.colcon_core.verb:set package 'posenet_pkg' build argument 'cmake_target_skip_unavailable' from command line to 'False'
[1.001s] Level 5:colcon.colcon_core.verb:set package 'posenet_pkg' build argument 'cmake_clean_cache' from command line to 'False'
[1.001s] Level 5:colcon.colcon_core.verb:set package 'posenet_pkg' build argument 'cmake_clean_first' from command line to 'False'
[1.001s] Level 5:colcon.colcon_core.verb:set package 'posenet_pkg' build argument 'cmake_force_configure' from command line to 'False'
[1.001s] Level 5:colcon.colcon_core.verb:set package 'posenet_pkg' build argument 'ament_cmake_args' from command line to 'None'
[1.001s] Level 5:colcon.colcon_core.verb:set package 'posenet_pkg' build argument 'catkin_cmake_args' from command line to 'None'
[1.001s] Level 5:colcon.colcon_core.verb:set package 'posenet_pkg' build argument 'catkin_skip_building_tests' from command line to 'False'
[1.001s] DEBUG:colcon.colcon_core.verb:Building package 'posenet_pkg' with the following arguments: {'ament_cmake_args': None, 'build_base': '/root/gcamp_ros2_ws/src/gcamp_ros2_basic/posenet_pkg/build/posenet_pkg', 'catkin_cmake_args': None, 'catkin_skip_building_tests': False, 'cmake_args': None, 'cmake_clean_cache': False, 'cmake_clean_first': False, 'cmake_force_configure': False, 'cmake_target': None, 'cmake_target_skip_unavailable': False, 'install_base': '/root/gcamp_ros2_ws/src/gcamp_ros2_basic/posenet_pkg/install/posenet_pkg', 'merge_install': False, 'path': '/root/gcamp_ros2_ws/src/gcamp_ros2_basic/posenet_pkg', 'symlink_install': True, 'test_result_base': None}
[0.985s] INFO:colcon.colcon_core.executor:Executing jobs using 'parallel' executor
[1.002s] INFO:colcon.colcon_ros.task.ament_python.build:Building ROS package in '/root/gcamp_ros2_ws/src/gcamp_ros2_basic/posenet_pkg' with build type 'ament_python'
[0.985s] INFO:colcon.colcon_core.executor:Executing jobs using 'parallel' executor
[1.004s] Level 1:colcon.colcon_core.shell:create_environment_hook('posenet_pkg', 'ament_prefix_path')
[1.004s] INFO:colcon.colcon_core.executor:Executing jobs using 'parallel' executor
[0.999s] DEBUG:colcon.colcon_parallel_executor.executor.parallel:run_until_complete
[1.000s] INFO:colcon.colcon_ros.task.ament_python.build:Building ROS package in '/root/gcamp_ros2_ws/src/gcamp_ros2_basic/posenet_pkg' with build type 'ament_python'
[1.001s] Level 1:colcon.colcon_core.shell:create_environment_hook('posenet_pkg', 'ament_prefix_path')
[0.998s] DEBUG:colcon.colcon_parallel_executor.executor.parallel:run_until_complete
[0.998s] INFO:colcon.colcon_ros.task.ament_python.build:Building ROS package in '/root/gcamp_ros2_ws/src/gcamp_ros2_basic/posenet_pkg' with build type 'ament_python'
[1.010s] INFO:colcon.colcon_core.plugin_system:Skipping extension 'colcon_core.shell.bat': Not used on non-Windows systems
[1.017s] DEBUG:colcon.colcon_parallel_executor.executor.parallel:run_until_complete
[0.999s] Level 1:colcon.colcon_core.shell:create_environment_hook('posenet_pkg', 'ament_prefix_path')
[1.010s] INFO:colcon.colcon_core.shell:Creating environment hook '/root/gcamp_ros2_ws/src/gcamp_ros2_basic/posenet_pkg/install/posenet_pkg/share/posenet_pkg/hook/ament_prefix_path.ps1'
[1.018s] INFO:colcon.colcon_ros.task.ament_python.build:Building ROS package in '/root/gcamp_ros2_ws/src/gcamp_ros2_basic/posenet_pkg' with build type 'ament_python'
[1.019s] Level 1:colcon.colcon_core.shell:create_environment_hook('posenet_pkg', 'ament_prefix_path')
[1.014s] INFO:colcon.colcon_core.shell:Creating environment descriptor '/root/gcamp_ros2_ws/src/gcamp_ros2_basic/posenet_pkg/install/posenet_pkg/share/posenet_pkg/hook/ament_prefix_path.dsv'
[1.015s] INFO:colcon.colcon_core.shell:Creating environment hook '/root/gcamp_ros2_ws/src/gcamp_ros2_basic/posenet_pkg/install/posenet_pkg/share/posenet_pkg/hook/ament_prefix_path.sh'
[1.026s] INFO:colcon.colcon_core.plugin_system:Skipping extension 'colcon_core.shell.bat': Not used on non-Windows systems
[1.026s] INFO:colcon.colcon_core.shell:Creating environment hook '/root/gcamp_ros2_ws/src/gcamp_ros2_basic/posenet_pkg/install/posenet_pkg/share/posenet_pkg/hook/ament_prefix_path.ps1'
[1.009s] DEBUG:colcon.colcon_parallel_executor.executor.parallel:run_until_complete
[1.010s] INFO:colcon.colcon_ros.task.ament_python.build:Building ROS package in '/root/gcamp_ros2_ws/src/gcamp_ros2_basic/posenet_pkg' with build type 'ament_python'
[1.010s] Level 1:colcon.colcon_core.shell:create_environment_hook('posenet_pkg', 'ament_prefix_path')
[1.027s] INFO:colcon.colcon_core.shell:Creating environment descriptor '/root/gcamp_ros2_ws/src/gcamp_ros2_basic/posenet_pkg/install/posenet_pkg/share/posenet_pkg/hook/ament_prefix_path.dsv'
[1.021s] INFO:colcon.colcon_core.plugin_system:Skipping extension 'colcon_core.shell.bat': Not used on non-Windows systems
[1.021s] INFO:colcon.colcon_core.shell:Creating environment hook '/root/gcamp_ros2_ws/src/gcamp_ros2_basic/posenet_pkg/install/posenet_pkg/share/posenet_pkg/hook/ament_prefix_path.ps1'
[1.028s] INFO:colcon.colcon_core.shell:Creating environment hook '/root/gcamp_ros2_ws/src/gcamp_ros2_basic/posenet_pkg/install/posenet_pkg/share/posenet_pkg/hook/ament_prefix_path.sh'
[1.014s] INFO:colcon.colcon_core.plugin_system:Skipping extension 'colcon_core.shell.bat': Not used on non-Windows systems
[1.025s] INFO:colcon.colcon_core.shell:Skip shell extension 'powershell' for command environment: Not usable outside of PowerShell
[1.015s] INFO:colcon.colcon_core.shell:Creating environment hook '/root/gcamp_ros2_ws/src/gcamp_ros2_basic/posenet_pkg/install/posenet_pkg/share/posenet_pkg/hook/ament_prefix_path.ps1'
[1.027s] INFO:colcon.colcon_core.shell:Creating environment descriptor '/root/gcamp_ros2_ws/src/gcamp_ros2_basic/posenet_pkg/install/posenet_pkg/share/posenet_pkg/hook/ament_prefix_path.dsv'
[1.034s] INFO:colcon.colcon_core.shell:Skip shell extension 'powershell' for command environment: Not usable outside of PowerShell
[1.034s] DEBUG:colcon.colcon_core.shell:Skip shell extension 'dsv' for command environment
[1.029s] INFO:colcon.colcon_core.shell:Creating environment hook '/root/gcamp_ros2_ws/src/gcamp_ros2_basic/posenet_pkg/install/posenet_pkg/share/posenet_pkg/hook/ament_prefix_path.sh'
[1.018s] INFO:colcon.colcon_core.shell:Creating environment descriptor '/root/gcamp_ros2_ws/src/gcamp_ros2_basic/posenet_pkg/install/posenet_pkg/share/posenet_pkg/hook/ament_prefix_path.dsv'
[1.035s] INFO:colcon.colcon_core.plugin_system:Skipping extension 'colcon_core.shell.bat': Not used on non-Windows systems
[1.036s] INFO:colcon.colcon_core.shell:Creating environment hook '/root/gcamp_ros2_ws/src/gcamp_ros2_basic/posenet_pkg/install/posenet_pkg/share/posenet_pkg/hook/ament_prefix_path.ps1'
[1.020s] INFO:colcon.colcon_core.shell:Creating environment hook '/root/gcamp_ros2_ws/src/gcamp_ros2_basic/posenet_pkg/install/posenet_pkg/share/posenet_pkg/hook/ament_prefix_path.sh'
[1.039s] INFO:colcon.colcon_core.shell:Creating environment descriptor '/root/gcamp_ros2_ws/src/gcamp_ros2_basic/posenet_pkg/install/posenet_pkg/share/posenet_pkg/hook/ament_prefix_path.dsv'
[1.035s] INFO:colcon.colcon_core.shell:Skip shell extension 'powershell' for command environment: Not usable outside of PowerShell
[1.035s] DEBUG:colcon.colcon_core.shell:Skip shell extension 'dsv' for command environment
[1.041s] INFO:colcon.colcon_core.shell:Creating environment hook '/root/gcamp_ros2_ws/src/gcamp_ros2_basic/posenet_pkg/install/posenet_pkg/share/posenet_pkg/hook/ament_prefix_path.sh'
[1.026s] INFO:colcon.colcon_core.plugin_system:Skipping extension 'colcon_core.shell.bat': Not used on non-Windows systems
[1.027s] INFO:colcon.colcon_core.shell:Creating environment hook '/root/gcamp_ros2_ws/src/gcamp_ros2_basic/posenet_pkg/install/posenet_pkg/share/posenet_pkg/hook/ament_prefix_path.ps1'
[1.029s] INFO:colcon.colcon_core.shell:Creating environment descriptor '/root/gcamp_ros2_ws/src/gcamp_ros2_basic/posenet_pkg/install/posenet_pkg/share/posenet_pkg/hook/ament_prefix_path.dsv'
[1.028s] INFO:colcon.colcon_core.shell:Skip shell extension 'powershell' for command environment: Not usable outside of PowerShell
[1.028s] DEBUG:colcon.colcon_core.shell:Skip shell extension 'dsv' for command environment
[1.026s] DEBUG:colcon.colcon_core.shell:Skip shell extension 'dsv' for command environment
[1.031s] INFO:colcon.colcon_core.shell:Creating environment hook '/root/gcamp_ros2_ws/src/gcamp_ros2_basic/posenet_pkg/install/posenet_pkg/share/posenet_pkg/hook/ament_prefix_path.sh'
[1.049s] INFO:colcon.colcon_core.shell:Skip shell extension 'powershell' for command environment: Not usable outside of PowerShell
[1.051s] DEBUG:colcon.colcon_core.shell:Skip shell extension 'dsv' for command environment
[1.036s] INFO:colcon.colcon_core.shell:Skip shell extension 'powershell' for command environment: Not usable outside of PowerShell
[1.037s] DEBUG:colcon.colcon_core.shell:Skip shell extension 'dsv' for command environment
[1.516s] INFO:colcon.colcon_core.task.python.build:Building Python package in '/root/gcamp_ros2_ws/src/gcamp_ros2_basic/posenet_pkg'
[1.506s] INFO:colcon.colcon_core.task.python.build:Building Python package in '/root/gcamp_ros2_ws/src/gcamp_ros2_basic/posenet_pkg'
[1.508s] INFO:colcon.colcon_core.shell:Skip shell extension 'powershell' for command environment: Not usable outside of PowerShell
[1.508s] DEBUG:colcon.colcon_core.shell:Skip shell extension 'dsv' for command environment
[1.519s] INFO:colcon.colcon_core.shell:Skip shell extension 'powershell' for command environment: Not usable outside of PowerShell
[1.519s] DEBUG:colcon.colcon_core.shell:Skip shell extension 'dsv' for command environment
[1.550s] INFO:colcon.colcon_core.task.python.build:Building Python package in '/root/gcamp_ros2_ws/src/gcamp_ros2_basic/posenet_pkg'
[1.553s] INFO:colcon.colcon_core.shell:Skip shell extension 'powershell' for command environment: Not usable outside of PowerShell
[1.553s] DEBUG:colcon.colcon_core.shell:Skip shell extension 'dsv' for command environment
[1.543s] INFO:colcon.colcon_core.task.python.build:Building Python package in '/root/gcamp_ros2_ws/src/gcamp_ros2_basic/posenet_pkg'
[1.555s] INFO:colcon.colcon_core.task.python.build:Building Python package in '/root/gcamp_ros2_ws/src/gcamp_ros2_basic/posenet_pkg'
[1.545s] INFO:colcon.colcon_core.shell:Skip shell extension 'powershell' for command environment: Not usable outside of PowerShell
[1.545s] DEBUG:colcon.colcon_core.shell:Skip shell extension 'dsv' for command environment
[1.557s] INFO:colcon.colcon_core.shell:Skip shell extension 'powershell' for command environment: Not usable outside of PowerShell
[1.558s] DEBUG:colcon.colcon_core.shell:Skip shell extension 'dsv' for command environment
[1.574s] INFO:colcon.colcon_core.task.python.build:Building Python package in '/root/gcamp_ros2_ws/src/gcamp_ros2_basic/posenet_pkg'
[1.577s] INFO:colcon.colcon_core.shell:Skip shell extension 'powershell' for command environment: Not usable outside of PowerShell
[1.578s] DEBUG:colcon.colcon_core.shell:Skip shell extension 'dsv' for command environment
[2.359s] DEBUG:colcon.colcon_core.event_handler.log_command:Invoking command in '/root/gcamp_ros2_ws/src/gcamp_ros2_basic/posenet_pkg/build/posenet_pkg': PYTHONPATH=/root/gcamp_ros2_ws/src/gcamp_ros2_basic/posenet_pkg/install/posenet_pkg/lib/python3.8/site-packages:${PYTHONPATH} /usr/bin/python3 setup.py develop --prefix /root/gcamp_ros2_ws/src/gcamp_ros2_basic/posenet_pkg/install/posenet_pkg --editable --build-directory /root/gcamp_ros2_ws/src/gcamp_ros2_basic/posenet_pkg/build/posenet_pkg/build --no-deps install_data --install-dir /root/gcamp_ros2_ws/src/gcamp_ros2_basic/posenet_pkg/install/posenet_pkg
[2.342s] DEBUG:colcon.colcon_core.event_handler.log_command:Invoking command in '/root/gcamp_ros2_ws/src/gcamp_ros2_basic/posenet_pkg/build/posenet_pkg': PYTHONPATH=/root/gcamp_ros2_ws/src/gcamp_ros2_basic/posenet_pkg/install/posenet_pkg/lib/python3.8/site-packages:${PYTHONPATH} /usr/bin/python3 setup.py develop --prefix /root/gcamp_ros2_ws/src/gcamp_ros2_basic/posenet_pkg/install/posenet_pkg --editable --build-directory /root/gcamp_ros2_ws/src/gcamp_ros2_basic/posenet_pkg/build/posenet_pkg/build --no-deps install_data --install-dir /root/gcamp_ros2_ws/src/gcamp_ros2_basic/posenet_pkg/install/posenet_pkg
[2.360s] DEBUG:colcon.colcon_core.event_handler.log_command:Invoking command in '/root/gcamp_ros2_ws/src/gcamp_ros2_basic/posenet_pkg/build/posenet_pkg': PYTHONPATH=/root/gcamp_ros2_ws/src/gcamp_ros2_basic/posenet_pkg/install/posenet_pkg/lib/python3.8/site-packages:${PYTHONPATH} /usr/bin/python3 setup.py develop --prefix /root/gcamp_ros2_ws/src/gcamp_ros2_basic/posenet_pkg/install/posenet_pkg --editable --build-directory /root/gcamp_ros2_ws/src/gcamp_ros2_basic/posenet_pkg/build/posenet_pkg/build --no-deps install_data --install-dir /root/gcamp_ros2_ws/src/gcamp_ros2_basic/posenet_pkg/install/posenet_pkg
[2.357s] DEBUG:colcon.colcon_core.event_handler.log_command:Invoking command in '/root/gcamp_ros2_ws/src/gcamp_ros2_basic/posenet_pkg/build/posenet_pkg': PYTHONPATH=/root/gcamp_ros2_ws/src/gcamp_ros2_basic/posenet_pkg/install/posenet_pkg/lib/python3.8/site-packages:${PYTHONPATH} /usr/bin/python3 setup.py develop --prefix /root/gcamp_ros2_ws/src/gcamp_ros2_basic/posenet_pkg/install/posenet_pkg --editable --build-directory /root/gcamp_ros2_ws/src/gcamp_ros2_basic/posenet_pkg/build/posenet_pkg/build --no-deps install_data --install-dir /root/gcamp_ros2_ws/src/gcamp_ros2_basic/posenet_pkg/install/posenet_pkg
[2.368s] DEBUG:colcon.colcon_core.event_handler.log_command:Invoking command in '/root/gcamp_ros2_ws/src/gcamp_ros2_basic/posenet_pkg/build/posenet_pkg': PYTHONPATH=/root/gcamp_ros2_ws/src/gcamp_ros2_basic/posenet_pkg/install/posenet_pkg/lib/python3.8/site-packages:${PYTHONPATH} /usr/bin/python3 setup.py develop --prefix /root/gcamp_ros2_ws/src/gcamp_ros2_basic/posenet_pkg/install/posenet_pkg --editable --build-directory /root/gcamp_ros2_ws/src/gcamp_ros2_basic/posenet_pkg/build/posenet_pkg/build --no-deps install_data --install-dir /root/gcamp_ros2_ws/src/gcamp_ros2_basic/posenet_pkg/install/posenet_pkg
[2.372s] DEBUG:colcon.colcon_core.event_handler.log_command:Invoking command in '/root/gcamp_ros2_ws/src/gcamp_ros2_basic/posenet_pkg/build/posenet_pkg': PYTHONPATH=/root/gcamp_ros2_ws/src/gcamp_ros2_basic/posenet_pkg/install/posenet_pkg/lib/python3.8/site-packages:${PYTHONPATH} /usr/bin/python3 setup.py develop --prefix /root/gcamp_ros2_ws/src/gcamp_ros2_basic/posenet_pkg/install/posenet_pkg --editable --build-directory /root/gcamp_ros2_ws/src/gcamp_ros2_basic/posenet_pkg/build/posenet_pkg/build --no-deps install_data --install-dir /root/gcamp_ros2_ws/src/gcamp_ros2_basic/posenet_pkg/install/posenet_pkg
[3.104s] Level 1:colcon.colcon_core.shell:create_environment_hook('posenet_pkg', 'pythonpath_develop')
[3.116s] Level 1:colcon.colcon_core.shell:create_environment_hook('posenet_pkg', 'pythonpath_develop')
[3.107s] INFO:colcon.colcon_core.shell:Creating environment hook '/root/gcamp_ros2_ws/src/gcamp_ros2_basic/posenet_pkg/build/posenet_pkg/share/posenet_pkg/hook/pythonpath_develop.ps1'
[3.109s] DEBUG:colcon.colcon_core.event_handler.log_command:Invoked command in '/root/gcamp_ros2_ws/src/gcamp_ros2_basic/posenet_pkg/build/posenet_pkg' returned '0': PYTHONPATH=/root/gcamp_ros2_ws/src/gcamp_ros2_basic/posenet_pkg/install/posenet_pkg/lib/python3.8/site-packages:${PYTHONPATH} /usr/bin/python3 setup.py develop --prefix /root/gcamp_ros2_ws/src/gcamp_ros2_basic/posenet_pkg/install/posenet_pkg --editable --build-directory /root/gcamp_ros2_ws/src/gcamp_ros2_basic/posenet_pkg/build/posenet_pkg/build --no-deps install_data --install-dir /root/gcamp_ros2_ws/src/gcamp_ros2_basic/posenet_pkg/install/posenet_pkg
[3.128s] Level 1:colcon.colcon_core.shell:create_environment_hook('posenet_pkg', 'pythonpath_develop')
[3.112s] INFO:colcon.colcon_core.shell:Creating environment descriptor '/root/gcamp_ros2_ws/src/gcamp_ros2_basic/posenet_pkg/build/posenet_pkg/share/posenet_pkg/hook/pythonpath_develop.dsv'
[3.123s] INFO:colcon.colcon_core.shell:Creating environment hook '/root/gcamp_ros2_ws/src/gcamp_ros2_basic/posenet_pkg/build/posenet_pkg/share/posenet_pkg/hook/pythonpath_develop.ps1'
[3.124s] DEBUG:colcon.colcon_core.event_handler.log_command:Invoked command in '/root/gcamp_ros2_ws/src/gcamp_ros2_basic/posenet_pkg/build/posenet_pkg' returned '0': PYTHONPATH=/root/gcamp_ros2_ws/src/gcamp_ros2_basic/posenet_pkg/install/posenet_pkg/lib/python3.8/site-packages:${PYTHONPATH} /usr/bin/python3 setup.py develop --prefix /root/gcamp_ros2_ws/src/gcamp_ros2_basic/posenet_pkg/install/posenet_pkg --editable --build-directory /root/gcamp_ros2_ws/src/gcamp_ros2_basic/posenet_pkg/build/posenet_pkg/build --no-deps install_data --install-dir /root/gcamp_ros2_ws/src/gcamp_ros2_basic/posenet_pkg/install/posenet_pkg
[3.114s] INFO:colcon.colcon_core.shell:Creating environment hook '/root/gcamp_ros2_ws/src/gcamp_ros2_basic/posenet_pkg/build/posenet_pkg/share/posenet_pkg/hook/pythonpath_develop.sh'
[3.125s] INFO:colcon.colcon_core.shell:Creating environment descriptor '/root/gcamp_ros2_ws/src/gcamp_ros2_basic/posenet_pkg/build/posenet_pkg/share/posenet_pkg/hook/pythonpath_develop.dsv'
[3.126s] INFO:colcon.colcon_core.shell:Creating environment hook '/root/gcamp_ros2_ws/src/gcamp_ros2_basic/posenet_pkg/build/posenet_pkg/share/posenet_pkg/hook/pythonpath_develop.sh'
[3.132s] INFO:colcon.colcon_core.shell:Creating environment hook '/root/gcamp_ros2_ws/src/gcamp_ros2_basic/posenet_pkg/build/posenet_pkg/share/posenet_pkg/hook/pythonpath_develop.ps1'
[3.133s] INFO:colcon.colcon_core.shell:Creating environment descriptor '/root/gcamp_ros2_ws/src/gcamp_ros2_basic/posenet_pkg/build/posenet_pkg/share/posenet_pkg/hook/pythonpath_develop.dsv'
[3.134s] INFO:colcon.colcon_core.shell:Creating environment hook '/root/gcamp_ros2_ws/src/gcamp_ros2_basic/posenet_pkg/build/posenet_pkg/share/posenet_pkg/hook/pythonpath_develop.sh'
[3.136s] DEBUG:colcon.colcon_core.event_handler.log_command:Invoked command in '/root/gcamp_ros2_ws/src/gcamp_ros2_basic/posenet_pkg/build/posenet_pkg' returned '0': PYTHONPATH=/root/gcamp_ros2_ws/src/gcamp_ros2_basic/posenet_pkg/install/posenet_pkg/lib/python3.8/site-packages:${PYTHONPATH} /usr/bin/python3 setup.py develop --prefix /root/gcamp_ros2_ws/src/gcamp_ros2_basic/posenet_pkg/install/posenet_pkg --editable --build-directory /root/gcamp_ros2_ws/src/gcamp_ros2_basic/posenet_pkg/build/posenet_pkg/build --no-deps install_data --install-dir /root/gcamp_ros2_ws/src/gcamp_ros2_basic/posenet_pkg/install/posenet_pkg
[3.127s] Level 1:colcon.colcon_core.environment:checking '/root/gcamp_ros2_ws/src/gcamp_ros2_basic/posenet_pkg/install/posenet_pkg' for CMake module files
[3.145s] Level 1:colcon.colcon_core.environment:checking '/root/gcamp_ros2_ws/src/gcamp_ros2_basic/posenet_pkg/install/posenet_pkg' for CMake module files
[3.128s] Level 1:colcon.colcon_core.environment:checking '/root/gcamp_ros2_ws/src/gcamp_ros2_basic/posenet_pkg/install/posenet_pkg' for CMake config files
[3.146s] Level 1:colcon.colcon_core.environment:checking '/root/gcamp_ros2_ws/src/gcamp_ros2_basic/posenet_pkg/install/posenet_pkg' for CMake config files
[3.130s] Level 1:colcon.colcon_core.environment:checking '/root/gcamp_ros2_ws/src/gcamp_ros2_basic/posenet_pkg/install/posenet_pkg/lib'
[3.130s] Level 1:colcon.colcon_core.environment:checking '/root/gcamp_ros2_ws/src/gcamp_ros2_basic/posenet_pkg/install/posenet_pkg/bin'
[3.130s] Level 1:colcon.colcon_core.environment:checking '/root/gcamp_ros2_ws/src/gcamp_ros2_basic/posenet_pkg/install/posenet_pkg/lib/pkgconfig/posenet_pkg.pc'
[3.148s] Level 1:colcon.colcon_core.environment:checking '/root/gcamp_ros2_ws/src/gcamp_ros2_basic/posenet_pkg/install/posenet_pkg/lib'
[3.131s] Level 1:colcon.colcon_core.environment:checking '/root/gcamp_ros2_ws/src/gcamp_ros2_basic/posenet_pkg/install/posenet_pkg/lib/python3.8/site-packages'
[3.131s] Level 1:colcon.colcon_core.shell:create_environment_hook('posenet_pkg', 'pythonpath')
[3.149s] Level 1:colcon.colcon_core.environment:checking '/root/gcamp_ros2_ws/src/gcamp_ros2_basic/posenet_pkg/install/posenet_pkg/bin'
[3.149s] Level 1:colcon.colcon_core.environment:checking '/root/gcamp_ros2_ws/src/gcamp_ros2_basic/posenet_pkg/install/posenet_pkg/lib/pkgconfig/posenet_pkg.pc'
[3.149s] Level 1:colcon.colcon_core.environment:checking '/root/gcamp_ros2_ws/src/gcamp_ros2_basic/posenet_pkg/install/posenet_pkg/lib/python3.8/site-packages'
[3.149s] Level 1:colcon.colcon_core.shell:create_environment_hook('posenet_pkg', 'pythonpath')
[3.144s] Level 1:colcon.colcon_core.environment:checking '/root/gcamp_ros2_ws/src/gcamp_ros2_basic/posenet_pkg/install/posenet_pkg' for CMake module files
[3.144s] Level 1:colcon.colcon_core.environment:checking '/root/gcamp_ros2_ws/src/gcamp_ros2_basic/posenet_pkg/install/posenet_pkg' for CMake config files
[3.133s] INFO:colcon.colcon_core.shell:Creating environment hook '/root/gcamp_ros2_ws/src/gcamp_ros2_basic/posenet_pkg/install/posenet_pkg/share/posenet_pkg/hook/pythonpath.ps1'
[3.151s] INFO:colcon.colcon_core.shell:Creating environment hook '/root/gcamp_ros2_ws/src/gcamp_ros2_basic/posenet_pkg/install/posenet_pkg/share/posenet_pkg/hook/pythonpath.ps1'
[3.134s] INFO:colcon.colcon_core.shell:Creating environment descriptor '/root/gcamp_ros2_ws/src/gcamp_ros2_basic/posenet_pkg/install/posenet_pkg/share/posenet_pkg/hook/pythonpath.dsv'
[3.145s] Level 1:colcon.colcon_core.environment:checking '/root/gcamp_ros2_ws/src/gcamp_ros2_basic/posenet_pkg/install/posenet_pkg/lib'
[3.152s] INFO:colcon.colcon_core.shell:Creating environment descriptor '/root/gcamp_ros2_ws/src/gcamp_ros2_basic/posenet_pkg/install/posenet_pkg/share/posenet_pkg/hook/pythonpath.dsv'
[3.146s] Level 1:colcon.colcon_core.environment:checking '/root/gcamp_ros2_ws/src/gcamp_ros2_basic/posenet_pkg/install/posenet_pkg/bin'
[3.146s] Level 1:colcon.colcon_core.environment:checking '/root/gcamp_ros2_ws/src/gcamp_ros2_basic/posenet_pkg/install/posenet_pkg/lib/pkgconfig/posenet_pkg.pc'
[3.152s] INFO:colcon.colcon_core.shell:Creating environment hook '/root/gcamp_ros2_ws/src/gcamp_ros2_basic/posenet_pkg/install/posenet_pkg/share/posenet_pkg/hook/pythonpath.sh'
[3.146s] Level 1:colcon.colcon_core.environment:checking '/root/gcamp_ros2_ws/src/gcamp_ros2_basic/posenet_pkg/install/posenet_pkg/lib/python3.8/site-packages'
[3.146s] Level 1:colcon.colcon_core.shell:create_environment_hook('posenet_pkg', 'pythonpath')
[3.154s] Level 1:colcon.colcon_core.environment:checking '/root/gcamp_ros2_ws/src/gcamp_ros2_basic/posenet_pkg/install/posenet_pkg/bin'
[3.154s] Level 1:colcon.colcon_core.environment:create_environment_scripts_only(posenet_pkg)
[3.136s] INFO:colcon.colcon_core.shell:Creating environment hook '/root/gcamp_ros2_ws/src/gcamp_ros2_basic/posenet_pkg/install/posenet_pkg/share/posenet_pkg/hook/pythonpath.sh'
[3.138s] Level 1:colcon.colcon_core.shell:create_environment_hook('posenet_pkg', 'pythonpath_develop')
[3.148s] INFO:colcon.colcon_core.shell:Creating environment hook '/root/gcamp_ros2_ws/src/gcamp_ros2_basic/posenet_pkg/install/posenet_pkg/share/posenet_pkg/hook/pythonpath.ps1'
[3.137s] Level 1:colcon.colcon_core.environment:checking '/root/gcamp_ros2_ws/src/gcamp_ros2_basic/posenet_pkg/install/posenet_pkg/bin'
[3.137s] Level 1:colcon.colcon_core.environment:create_environment_scripts_only(posenet_pkg)
[3.149s] INFO:colcon.colcon_core.shell:Creating environment descriptor '/root/gcamp_ros2_ws/src/gcamp_ros2_basic/posenet_pkg/install/posenet_pkg/share/posenet_pkg/hook/pythonpath.dsv'
[3.149s] INFO:colcon.colcon_core.shell:Creating environment hook '/root/gcamp_ros2_ws/src/gcamp_ros2_basic/posenet_pkg/install/posenet_pkg/share/posenet_pkg/hook/pythonpath.sh'
[3.156s] Level 1:colcon.colcon_core.shell:create_environment_hook('posenet_pkg', 'pythonpath_develop')
[3.156s] INFO:colcon.colcon_core.shell:Creating package script '/root/gcamp_ros2_ws/src/gcamp_ros2_basic/posenet_pkg/install/posenet_pkg/share/posenet_pkg/package.ps1'
[3.150s] Level 1:colcon.colcon_core.environment:checking '/root/gcamp_ros2_ws/src/gcamp_ros2_basic/posenet_pkg/install/posenet_pkg/bin'
[3.150s] Level 1:colcon.colcon_core.environment:create_environment_scripts_only(posenet_pkg)
[3.140s] INFO:colcon.colcon_core.shell:Creating environment hook '/root/gcamp_ros2_ws/src/gcamp_ros2_basic/posenet_pkg/build/posenet_pkg/share/posenet_pkg/hook/pythonpath_develop.ps1'
[3.141s] INFO:colcon.colcon_core.shell:Creating environment descriptor '/root/gcamp_ros2_ws/src/gcamp_ros2_basic/posenet_pkg/build/posenet_pkg/share/posenet_pkg/hook/pythonpath_develop.dsv'
[3.158s] INFO:colcon.colcon_core.shell:Creating package descriptor '/root/gcamp_ros2_ws/src/gcamp_ros2_basic/posenet_pkg/install/posenet_pkg/share/posenet_pkg/package.dsv'
[3.141s] INFO:colcon.colcon_core.shell:Creating environment hook '/root/gcamp_ros2_ws/src/gcamp_ros2_basic/posenet_pkg/build/posenet_pkg/share/posenet_pkg/hook/pythonpath_develop.sh'
[3.158s] INFO:colcon.colcon_core.shell:Creating environment hook '/root/gcamp_ros2_ws/src/gcamp_ros2_basic/posenet_pkg/build/posenet_pkg/share/posenet_pkg/hook/pythonpath_develop.ps1'
[3.141s] INFO:colcon.colcon_core.shell:Creating package script '/root/gcamp_ros2_ws/src/gcamp_ros2_basic/posenet_pkg/install/posenet_pkg/share/posenet_pkg/package.ps1'
[3.159s] INFO:colcon.colcon_core.shell:Creating package script '/root/gcamp_ros2_ws/src/gcamp_ros2_basic/posenet_pkg/install/posenet_pkg/share/posenet_pkg/package.sh'
[3.152s] INFO:colcon.colcon_core.shell:Creating package script '/root/gcamp_ros2_ws/src/gcamp_ros2_basic/posenet_pkg/install/posenet_pkg/share/posenet_pkg/package.ps1'
[3.159s] INFO:colcon.colcon_core.shell:Creating environment descriptor '/root/gcamp_ros2_ws/src/gcamp_ros2_basic/posenet_pkg/build/posenet_pkg/share/posenet_pkg/hook/pythonpath_develop.dsv'
[3.159s] INFO:colcon.colcon_core.shell:Creating environment hook '/root/gcamp_ros2_ws/src/gcamp_ros2_basic/posenet_pkg/build/posenet_pkg/share/posenet_pkg/hook/pythonpath_develop.sh'
[3.142s] INFO:colcon.colcon_core.shell:Creating package descriptor '/root/gcamp_ros2_ws/src/gcamp_ros2_basic/posenet_pkg/install/posenet_pkg/share/posenet_pkg/package.dsv'
[3.160s] INFO:colcon.colcon_core.shell:Creating package script '/root/gcamp_ros2_ws/src/gcamp_ros2_basic/posenet_pkg/install/posenet_pkg/share/posenet_pkg/package.bash'
[3.154s] INFO:colcon.colcon_core.shell:Creating package descriptor '/root/gcamp_ros2_ws/src/gcamp_ros2_basic/posenet_pkg/install/posenet_pkg/share/posenet_pkg/package.dsv'
[3.142s] INFO:colcon.colcon_core.shell:Creating package script '/root/gcamp_ros2_ws/src/gcamp_ros2_basic/posenet_pkg/install/posenet_pkg/share/posenet_pkg/package.sh'
[3.155s] INFO:colcon.colcon_core.shell:Creating package script '/root/gcamp_ros2_ws/src/gcamp_ros2_basic/posenet_pkg/install/posenet_pkg/share/posenet_pkg/package.sh'
[3.161s] INFO:colcon.colcon_core.shell:Creating package script '/root/gcamp_ros2_ws/src/gcamp_ros2_basic/posenet_pkg/install/posenet_pkg/share/posenet_pkg/package.zsh'
[3.143s] INFO:colcon.colcon_core.shell:Creating package script '/root/gcamp_ros2_ws/src/gcamp_ros2_basic/posenet_pkg/install/posenet_pkg/share/posenet_pkg/package.bash'
[3.156s] INFO:colcon.colcon_core.shell:Creating package script '/root/gcamp_ros2_ws/src/gcamp_ros2_basic/posenet_pkg/install/posenet_pkg/share/posenet_pkg/package.bash'
[3.162s] Level 1:colcon.colcon_core.environment:create_file_with_runtime_dependencies(/root/gcamp_ros2_ws/src/gcamp_ros2_basic/posenet_pkg/install/posenet_pkg/share/colcon-core/packages/posenet_pkg)
[3.144s] INFO:colcon.colcon_core.shell:Creating package script '/root/gcamp_ros2_ws/src/gcamp_ros2_basic/posenet_pkg/install/posenet_pkg/share/posenet_pkg/package.zsh'
[3.157s] INFO:colcon.colcon_core.shell:Creating package script '/root/gcamp_ros2_ws/src/gcamp_ros2_basic/posenet_pkg/install/posenet_pkg/share/posenet_pkg/package.zsh'
[3.163s] DEBUG:colcon.colcon_parallel_executor.executor.parallel:closing loop
[3.163s] DEBUG:colcon.colcon_parallel_executor.executor.parallel:loop closed
[3.163s] DEBUG:colcon.colcon_parallel_executor.executor.parallel:run_until_complete finished with '0'
[3.157s] Level 1:colcon.colcon_core.environment:create_file_with_runtime_dependencies(/root/gcamp_ros2_ws/src/gcamp_ros2_basic/posenet_pkg/install/posenet_pkg/share/colcon-core/packages/posenet_pkg)
[3.158s] DEBUG:colcon.colcon_parallel_executor.executor.parallel:closing loop
[3.163s] DEBUG:colcon.colcon_core.event_reactor:joining thread
[3.158s] DEBUG:colcon.colcon_parallel_executor.executor.parallel:loop closed
[3.158s] DEBUG:colcon.colcon_parallel_executor.executor.parallel:run_until_complete finished with '0'
[3.148s] Level 1:colcon.colcon_core.environment:checking '/root/gcamp_ros2_ws/src/gcamp_ros2_basic/posenet_pkg/install/posenet_pkg' for CMake module files
[3.149s] DEBUG:colcon.colcon_core.event_handler.log_command:Invoked command in '/root/gcamp_ros2_ws/src/gcamp_ros2_basic/posenet_pkg/build/posenet_pkg' returned '0': PYTHONPATH=/root/gcamp_ros2_ws/src/gcamp_ros2_basic/posenet_pkg/install/posenet_pkg/lib/python3.8/site-packages:${PYTHONPATH} /usr/bin/python3 setup.py develop --prefix /root/gcamp_ros2_ws/src/gcamp_ros2_basic/posenet_pkg/install/posenet_pkg --editable --build-directory /root/gcamp_ros2_ws/src/gcamp_ros2_basic/posenet_pkg/build/posenet_pkg/build --no-deps install_data --install-dir /root/gcamp_ros2_ws/src/gcamp_ros2_basic/posenet_pkg/install/posenet_pkg
[3.149s] Level 1:colcon.colcon_core.environment:checking '/root/gcamp_ros2_ws/src/gcamp_ros2_basic/posenet_pkg/install/posenet_pkg' for CMake config files
[3.150s] Level 1:colcon.colcon_core.environment:checking '/root/gcamp_ros2_ws/src/gcamp_ros2_basic/posenet_pkg/install/posenet_pkg/lib'
[3.150s] Level 1:colcon.colcon_core.environment:checking '/root/gcamp_ros2_ws/src/gcamp_ros2_basic/posenet_pkg/install/posenet_pkg/bin'
[3.150s] Level 1:colcon.colcon_core.environment:checking '/root/gcamp_ros2_ws/src/gcamp_ros2_basic/posenet_pkg/install/posenet_pkg/lib/pkgconfig/posenet_pkg.pc'
[3.150s] Level 1:colcon.colcon_core.environment:checking '/root/gcamp_ros2_ws/src/gcamp_ros2_basic/posenet_pkg/install/posenet_pkg/lib/python3.8/site-packages'
[3.150s] Level 1:colcon.colcon_core.shell:create_environment_hook('posenet_pkg', 'pythonpath')
[3.158s] DEBUG:colcon.colcon_core.event_reactor:joining thread
[3.152s] INFO:colcon.colcon_core.shell:Creating environment hook '/root/gcamp_ros2_ws/src/gcamp_ros2_basic/posenet_pkg/install/posenet_pkg/share/posenet_pkg/hook/pythonpath.ps1'
[3.152s] Level 1:colcon.colcon_core.environment:create_file_with_runtime_dependencies(/root/gcamp_ros2_ws/src/gcamp_ros2_basic/posenet_pkg/install/posenet_pkg/share/colcon-core/packages/posenet_pkg)
[3.153s] INFO:colcon.colcon_core.shell:Creating environment descriptor '/root/gcamp_ros2_ws/src/gcamp_ros2_basic/posenet_pkg/install/posenet_pkg/share/posenet_pkg/hook/pythonpath.dsv'
[3.152s] DEBUG:colcon.colcon_parallel_executor.executor.parallel:closing loop
[3.170s] DEBUG:colcon.colcon_core.event_handler.log_command:Invoked command in '/root/gcamp_ros2_ws/src/gcamp_ros2_basic/posenet_pkg/build/posenet_pkg' returned '0': PYTHONPATH=/root/gcamp_ros2_ws/src/gcamp_ros2_basic/posenet_pkg/install/posenet_pkg/lib/python3.8/site-packages:${PYTHONPATH} /usr/bin/python3 setup.py develop --prefix /root/gcamp_ros2_ws/src/gcamp_ros2_basic/posenet_pkg/install/posenet_pkg --editable --build-directory /root/gcamp_ros2_ws/src/gcamp_ros2_basic/posenet_pkg/build/posenet_pkg/build --no-deps install_data --install-dir /root/gcamp_ros2_ws/src/gcamp_ros2_basic/posenet_pkg/install/posenet_pkg
[3.154s] INFO:colcon.colcon_core.shell:Creating environment hook '/root/gcamp_ros2_ws/src/gcamp_ros2_basic/posenet_pkg/install/posenet_pkg/share/posenet_pkg/hook/pythonpath.sh'
[3.154s] Level 1:colcon.colcon_core.environment:checking '/root/gcamp_ros2_ws/src/gcamp_ros2_basic/posenet_pkg/install/posenet_pkg/bin'
[3.154s] Level 1:colcon.colcon_core.environment:create_environment_scripts_only(posenet_pkg)
[3.155s] DEBUG:colcon.colcon_parallel_executor.executor.parallel:loop closed
[3.156s] DEBUG:colcon.colcon_parallel_executor.executor.parallel:run_until_complete finished with '0'
[3.157s] INFO:colcon.colcon_core.shell:Creating package script '/root/gcamp_ros2_ws/src/gcamp_ros2_basic/posenet_pkg/install/posenet_pkg/share/posenet_pkg/package.ps1'
[3.156s] DEBUG:colcon.colcon_core.event_reactor:joining thread
[3.158s] INFO:colcon.colcon_core.shell:Creating package descriptor '/root/gcamp_ros2_ws/src/gcamp_ros2_basic/posenet_pkg/install/posenet_pkg/share/posenet_pkg/package.dsv'
[3.174s] Level 1:colcon.colcon_core.environment:checking '/root/gcamp_ros2_ws/src/gcamp_ros2_basic/posenet_pkg/install/posenet_pkg' for CMake module files
[3.175s] Level 1:colcon.colcon_core.environment:checking '/root/gcamp_ros2_ws/src/gcamp_ros2_basic/posenet_pkg/install/posenet_pkg' for CMake config files
[3.159s] INFO:colcon.colcon_core.shell:Creating package script '/root/gcamp_ros2_ws/src/gcamp_ros2_basic/posenet_pkg/install/posenet_pkg/share/posenet_pkg/package.sh'
[3.176s] Level 1:colcon.colcon_core.environment:checking '/root/gcamp_ros2_ws/src/gcamp_ros2_basic/posenet_pkg/install/posenet_pkg/lib'
[3.177s] Level 1:colcon.colcon_core.environment:checking '/root/gcamp_ros2_ws/src/gcamp_ros2_basic/posenet_pkg/install/posenet_pkg/bin'
[3.177s] Level 1:colcon.colcon_core.environment:checking '/root/gcamp_ros2_ws/src/gcamp_ros2_basic/posenet_pkg/install/posenet_pkg/lib/pkgconfig/posenet_pkg.pc'
[3.161s] INFO:colcon.colcon_core.shell:Creating package script '/root/gcamp_ros2_ws/src/gcamp_ros2_basic/posenet_pkg/install/posenet_pkg/share/posenet_pkg/package.bash'
[3.178s] Level 1:colcon.colcon_core.environment:checking '/root/gcamp_ros2_ws/src/gcamp_ros2_basic/posenet_pkg/install/posenet_pkg/lib/python3.8/site-packages'
[3.178s] Level 1:colcon.colcon_core.shell:create_environment_hook('posenet_pkg', 'pythonpath')
[3.162s] INFO:colcon.colcon_core.shell:Creating package script '/root/gcamp_ros2_ws/src/gcamp_ros2_basic/posenet_pkg/install/posenet_pkg/share/posenet_pkg/package.zsh'
[3.163s] Level 1:colcon.colcon_core.environment:create_file_with_runtime_dependencies(/root/gcamp_ros2_ws/src/gcamp_ros2_basic/posenet_pkg/install/posenet_pkg/share/colcon-core/packages/posenet_pkg)
[3.180s] INFO:colcon.colcon_core.shell:Creating environment hook '/root/gcamp_ros2_ws/src/gcamp_ros2_basic/posenet_pkg/install/posenet_pkg/share/posenet_pkg/hook/pythonpath.ps1'
[3.164s] DEBUG:colcon.colcon_parallel_executor.executor.parallel:closing loop
[3.164s] DEBUG:colcon.colcon_parallel_executor.executor.parallel:loop closed
[3.181s] INFO:colcon.colcon_core.shell:Creating environment descriptor '/root/gcamp_ros2_ws/src/gcamp_ros2_basic/posenet_pkg/install/posenet_pkg/share/posenet_pkg/hook/pythonpath.dsv'
[3.182s] INFO:colcon.colcon_core.shell:Creating environment hook '/root/gcamp_ros2_ws/src/gcamp_ros2_basic/posenet_pkg/install/posenet_pkg/share/posenet_pkg/hook/pythonpath.sh'
[3.166s] DEBUG:colcon.colcon_parallel_executor.executor.parallel:run_until_complete finished with '0'
[3.183s] Level 1:colcon.colcon_core.environment:checking '/root/gcamp_ros2_ws/src/gcamp_ros2_basic/posenet_pkg/install/posenet_pkg/bin'
[3.183s] Level 1:colcon.colcon_core.environment:create_environment_scripts_only(posenet_pkg)
[3.185s] INFO:colcon.colcon_core.plugin_system:Skipping extension 'colcon_notification.desktop_notification.notify_send': Could not find 'notify-send'
[3.168s] DEBUG:colcon.colcon_core.event_reactor:joining thread
[3.185s] INFO:colcon.colcon_core.plugin_system:Skipping extension 'colcon_notification.desktop_notification.terminal_notifier': Not used on non-Darwin systems
[3.185s] INFO:colcon.colcon_core.plugin_system:Skipping extension 'colcon_notification.desktop_notification.win32': Not used on non-Windows systems
[3.185s] INFO:colcon.colcon_notification.desktop_notification:Sending desktop notification using 'notify2'
[3.179s] INFO:colcon.colcon_core.plugin_system:Skipping extension 'colcon_notification.desktop_notification.notify_send': Could not find 'notify-send'
[3.179s] INFO:colcon.colcon_core.plugin_system:Skipping extension 'colcon_notification.desktop_notification.terminal_notifier': Not used on non-Darwin systems
[3.180s] INFO:colcon.colcon_core.plugin_system:Skipping extension 'colcon_notification.desktop_notification.win32': Not used on non-Windows systems
[3.180s] INFO:colcon.colcon_notification.desktop_notification:Sending desktop notification using 'notify2'
[3.186s] INFO:colcon.colcon_core.shell:Creating package script '/root/gcamp_ros2_ws/src/gcamp_ros2_basic/posenet_pkg/install/posenet_pkg/share/posenet_pkg/package.ps1'
[3.167s] INFO:colcon.colcon_core.plugin_system:Skipping extension 'colcon_notification.desktop_notification.notify_send': Could not find 'notify-send'
[3.169s] INFO:colcon.colcon_core.plugin_system:Skipping extension 'colcon_notification.desktop_notification.terminal_notifier': Not used on non-Darwin systems
[3.169s] INFO:colcon.colcon_core.plugin_system:Skipping extension 'colcon_notification.desktop_notification.win32': Not used on non-Windows systems
[3.169s] INFO:colcon.colcon_notification.desktop_notification:Sending desktop notification using 'notify2'
[3.187s] INFO:colcon.colcon_core.shell:Creating package descriptor '/root/gcamp_ros2_ws/src/gcamp_ros2_basic/posenet_pkg/install/posenet_pkg/share/posenet_pkg/package.dsv'
[3.189s] INFO:colcon.colcon_core.shell:Creating package script '/root/gcamp_ros2_ws/src/gcamp_ros2_basic/posenet_pkg/install/posenet_pkg/share/posenet_pkg/package.sh'
[3.191s] INFO:colcon.colcon_core.shell:Creating package script '/root/gcamp_ros2_ws/src/gcamp_ros2_basic/posenet_pkg/install/posenet_pkg/share/posenet_pkg/package.bash'
[3.192s] INFO:colcon.colcon_core.shell:Creating package script '/root/gcamp_ros2_ws/src/gcamp_ros2_basic/posenet_pkg/install/posenet_pkg/share/posenet_pkg/package.zsh'
[3.195s] Level 1:colcon.colcon_core.environment:create_file_with_runtime_dependencies(/root/gcamp_ros2_ws/src/gcamp_ros2_basic/posenet_pkg/install/posenet_pkg/share/colcon-core/packages/posenet_pkg)
[3.197s] DEBUG:colcon.colcon_parallel_executor.executor.parallel:closing loop
[3.198s] DEBUG:colcon.colcon_parallel_executor.executor.parallel:loop closed
[3.198s] DEBUG:colcon.colcon_parallel_executor.executor.parallel:run_until_complete finished with '0'
[3.199s] DEBUG:colcon.colcon_core.event_reactor:joining thread
[3.185s] INFO:colcon.colcon_core.plugin_system:Skipping extension 'colcon_notification.desktop_notification.notify_send': Could not find 'notify-send'
[3.186s] INFO:colcon.colcon_core.plugin_system:Skipping extension 'colcon_notification.desktop_notification.terminal_notifier': Not used on non-Darwin systems
[3.186s] INFO:colcon.colcon_core.plugin_system:Skipping extension 'colcon_notification.desktop_notification.win32': Not used on non-Windows systems
[3.186s] INFO:colcon.colcon_notification.desktop_notification:Sending desktop notification using 'notify2'
[3.207s] Level 1:colcon.colcon_core.shell:create_environment_hook('posenet_pkg', 'pythonpath_develop')
[3.209s] INFO:colcon.colcon_core.shell:Creating environment hook '/root/gcamp_ros2_ws/src/gcamp_ros2_basic/posenet_pkg/build/posenet_pkg/share/posenet_pkg/hook/pythonpath_develop.ps1'
[3.199s] DEBUG:colcon.colcon_notification.desktop_notification.notify2:Failed to initialize notify2: org.freedesktop.DBus.Error.ServiceUnknown: The name org.freedesktop.Notifications was not provided by any .service files
[3.199s] DEBUG:colcon.colcon_core.event_reactor:joined thread
[3.210s] INFO:colcon.colcon_core.shell:Creating environment descriptor '/root/gcamp_ros2_ws/src/gcamp_ros2_basic/posenet_pkg/build/posenet_pkg/share/posenet_pkg/hook/pythonpath_develop.dsv'
[3.210s] INFO:colcon.colcon_core.shell:Creating environment hook '/root/gcamp_ros2_ws/src/gcamp_ros2_basic/posenet_pkg/build/posenet_pkg/share/posenet_pkg/hook/pythonpath_develop.sh'
[3.211s] DEBUG:colcon.colcon_core.event_handler.log_command:Invoked command in '/root/gcamp_ros2_ws/src/gcamp_ros2_basic/posenet_pkg/build/posenet_pkg' returned '0': PYTHONPATH=/root/gcamp_ros2_ws/src/gcamp_ros2_basic/posenet_pkg/install/posenet_pkg/lib/python3.8/site-packages:${PYTHONPATH} /usr/bin/python3 setup.py develop --prefix /root/gcamp_ros2_ws/src/gcamp_ros2_basic/posenet_pkg/install/posenet_pkg --editable --build-directory /root/gcamp_ros2_ws/src/gcamp_ros2_basic/posenet_pkg/build/posenet_pkg/build --no-deps install_data --install-dir /root/gcamp_ros2_ws/src/gcamp_ros2_basic/posenet_pkg/install/posenet_pkg
[3.218s] INFO:colcon.colcon_core.plugin_system:Skipping extension 'colcon_notification.desktop_notification.notify_send': Could not find 'notify-send'
[3.218s] INFO:colcon.colcon_core.plugin_system:Skipping extension 'colcon_notification.desktop_notification.terminal_notifier': Not used on non-Darwin systems
[3.218s] INFO:colcon.colcon_core.plugin_system:Skipping extension 'colcon_notification.desktop_notification.win32': Not used on non-Windows systems
[3.218s] INFO:colcon.colcon_notification.desktop_notification:Sending desktop notification using 'notify2'
[3.218s] DEBUG:colcon.colcon_notification.desktop_notification.notify2:Failed to initialize notify2: org.freedesktop.DBus.Error.ServiceUnknown: The name org.freedesktop.Notifications was not provided by any .service files
[3.202s] INFO:colcon.colcon_core.shell:Creating prefix script '/root/gcamp_ros2_ws/src/gcamp_ros2_basic/posenet_pkg/install/local_setup.ps1'
[3.219s] DEBUG:colcon.colcon_core.event_reactor:joined thread
[3.212s] DEBUG:colcon.colcon_notification.desktop_notification.notify2:Failed to initialize notify2: org.freedesktop.DBus.Error.ServiceUnknown: The name org.freedesktop.Notifications was not provided by any .service files
[3.213s] DEBUG:colcon.colcon_core.event_reactor:joined thread
[3.201s] DEBUG:colcon.colcon_notification.desktop_notification.notify2:Failed to initialize notify2: org.freedesktop.DBus.Error.ServiceUnknown: The name org.freedesktop.Notifications was not provided by any .service files
[3.202s] DEBUG:colcon.colcon_core.event_reactor:joined thread
[3.204s] INFO:colcon.colcon_core.shell:Creating prefix util module '/root/gcamp_ros2_ws/src/gcamp_ros2_basic/posenet_pkg/install/_local_setup_util_ps1.py'
[3.215s] INFO:colcon.colcon_core.shell:Creating prefix script '/root/gcamp_ros2_ws/src/gcamp_ros2_basic/posenet_pkg/install/local_setup.ps1'
[3.206s] INFO:colcon.colcon_core.shell:Creating prefix chain script '/root/gcamp_ros2_ws/src/gcamp_ros2_basic/posenet_pkg/install/setup.ps1'
[3.217s] INFO:colcon.colcon_core.shell:Creating prefix util module '/root/gcamp_ros2_ws/src/gcamp_ros2_basic/posenet_pkg/install/_local_setup_util_ps1.py'
[3.206s] INFO:colcon.colcon_core.shell:Creating prefix script '/root/gcamp_ros2_ws/src/gcamp_ros2_basic/posenet_pkg/install/local_setup.ps1'
[3.224s] INFO:colcon.colcon_core.shell:Creating prefix script '/root/gcamp_ros2_ws/src/gcamp_ros2_basic/posenet_pkg/install/local_setup.ps1'
[3.219s] INFO:colcon.colcon_core.shell:Creating prefix chain script '/root/gcamp_ros2_ws/src/gcamp_ros2_basic/posenet_pkg/install/setup.ps1'
[3.208s] INFO:colcon.colcon_core.shell:Creating prefix util module '/root/gcamp_ros2_ws/src/gcamp_ros2_basic/posenet_pkg/install/_local_setup_util_ps1.py'
[3.225s] INFO:colcon.colcon_core.shell:Creating prefix util module '/root/gcamp_ros2_ws/src/gcamp_ros2_basic/posenet_pkg/install/_local_setup_util_ps1.py'
[3.226s] DEBUG:colcon.colcon_notification.desktop_notification.notify2:Failed to initialize notify2: org.freedesktop.DBus.Error.ServiceUnknown: The name org.freedesktop.Notifications was not provided by any .service files
[3.220s] Level 1:colcon.colcon_core.environment:checking '/root/gcamp_ros2_ws/src/gcamp_ros2_basic/posenet_pkg/install/posenet_pkg' for CMake module files
[3.210s] INFO:colcon.colcon_core.shell:Creating prefix script '/root/gcamp_ros2_ws/src/gcamp_ros2_basic/posenet_pkg/install/local_setup.sh'
[3.227s] DEBUG:colcon.colcon_core.event_reactor:joined thread
[3.220s] Level 1:colcon.colcon_core.environment:checking '/root/gcamp_ros2_ws/src/gcamp_ros2_basic/posenet_pkg/install/posenet_pkg' for CMake config files
[3.209s] INFO:colcon.colcon_core.shell:Creating prefix chain script '/root/gcamp_ros2_ws/src/gcamp_ros2_basic/posenet_pkg/install/setup.ps1'
[3.210s] INFO:colcon.colcon_core.shell:Creating prefix util module '/root/gcamp_ros2_ws/src/gcamp_ros2_basic/posenet_pkg/install/_local_setup_util_sh.py'
[3.227s] INFO:colcon.colcon_core.shell:Creating prefix chain script '/root/gcamp_ros2_ws/src/gcamp_ros2_basic/posenet_pkg/install/setup.ps1'
[3.221s] Level 1:colcon.colcon_core.environment:checking '/root/gcamp_ros2_ws/src/gcamp_ros2_basic/posenet_pkg/install/posenet_pkg/lib'
[3.211s] INFO:colcon.colcon_core.shell:Creating prefix chain script '/root/gcamp_ros2_ws/src/gcamp_ros2_basic/posenet_pkg/install/setup.sh'
[3.221s] Level 1:colcon.colcon_core.environment:checking '/root/gcamp_ros2_ws/src/gcamp_ros2_basic/posenet_pkg/install/posenet_pkg/bin'
[3.221s] Level 1:colcon.colcon_core.environment:checking '/root/gcamp_ros2_ws/src/gcamp_ros2_basic/posenet_pkg/install/posenet_pkg/lib/pkgconfig/posenet_pkg.pc'
[3.221s] Level 1:colcon.colcon_core.environment:checking '/root/gcamp_ros2_ws/src/gcamp_ros2_basic/posenet_pkg/install/posenet_pkg/lib/python3.8/site-packages'
[3.222s] INFO:colcon.colcon_core.shell:Creating prefix script '/root/gcamp_ros2_ws/src/gcamp_ros2_basic/posenet_pkg/install/local_setup.sh'
[3.222s] Level 1:colcon.colcon_core.shell:create_environment_hook('posenet_pkg', 'pythonpath')
[3.222s] INFO:colcon.colcon_core.shell:Creating prefix util module '/root/gcamp_ros2_ws/src/gcamp_ros2_basic/posenet_pkg/install/_local_setup_util_sh.py'
[3.229s] INFO:colcon.colcon_core.shell:Creating prefix script '/root/gcamp_ros2_ws/src/gcamp_ros2_basic/posenet_pkg/install/local_setup.ps1'
[3.223s] INFO:colcon.colcon_core.shell:Creating prefix chain script '/root/gcamp_ros2_ws/src/gcamp_ros2_basic/posenet_pkg/install/setup.sh'
[3.223s] INFO:colcon.colcon_core.shell:Creating environment hook '/root/gcamp_ros2_ws/src/gcamp_ros2_basic/posenet_pkg/install/posenet_pkg/share/posenet_pkg/hook/pythonpath.ps1'
[3.229s] INFO:colcon.colcon_core.shell:Creating prefix script '/root/gcamp_ros2_ws/src/gcamp_ros2_basic/posenet_pkg/install/local_setup.sh'
[3.213s] INFO:colcon.colcon_core.shell:Creating prefix script '/root/gcamp_ros2_ws/src/gcamp_ros2_basic/posenet_pkg/install/local_setup.bash'
[3.224s] INFO:colcon.colcon_core.shell:Creating environment descriptor '/root/gcamp_ros2_ws/src/gcamp_ros2_basic/posenet_pkg/install/posenet_pkg/share/posenet_pkg/hook/pythonpath.dsv'
[3.231s] INFO:colcon.colcon_core.shell:Creating prefix util module '/root/gcamp_ros2_ws/src/gcamp_ros2_basic/posenet_pkg/install/_local_setup_util_ps1.py'
[3.231s] INFO:colcon.colcon_core.shell:Creating prefix util module '/root/gcamp_ros2_ws/src/gcamp_ros2_basic/posenet_pkg/install/_local_setup_util_sh.py'
[3.225s] INFO:colcon.colcon_core.shell:Creating environment hook '/root/gcamp_ros2_ws/src/gcamp_ros2_basic/posenet_pkg/install/posenet_pkg/share/posenet_pkg/hook/pythonpath.sh'
[3.213s] INFO:colcon.colcon_core.shell:Creating prefix script '/root/gcamp_ros2_ws/src/gcamp_ros2_basic/posenet_pkg/install/local_setup.sh'
[3.215s] INFO:colcon.colcon_core.shell:Creating prefix chain script '/root/gcamp_ros2_ws/src/gcamp_ros2_basic/posenet_pkg/install/setup.bash'
[3.231s] INFO:colcon.colcon_core.shell:Creating prefix chain script '/root/gcamp_ros2_ws/src/gcamp_ros2_basic/posenet_pkg/install/setup.sh'
[3.225s] Level 1:colcon.colcon_core.environment:checking '/root/gcamp_ros2_ws/src/gcamp_ros2_basic/posenet_pkg/install/posenet_pkg/bin'
[3.225s] Level 1:colcon.colcon_core.environment:create_environment_scripts_only(posenet_pkg)
[3.214s] INFO:colcon.colcon_core.shell:Creating prefix util module '/root/gcamp_ros2_ws/src/gcamp_ros2_basic/posenet_pkg/install/_local_setup_util_sh.py'
[3.215s] INFO:colcon.colcon_core.shell:Creating prefix chain script '/root/gcamp_ros2_ws/src/gcamp_ros2_basic/posenet_pkg/install/setup.sh'
[3.232s] INFO:colcon.colcon_core.shell:Creating prefix chain script '/root/gcamp_ros2_ws/src/gcamp_ros2_basic/posenet_pkg/install/setup.ps1'
[3.226s] INFO:colcon.colcon_core.shell:Creating prefix script '/root/gcamp_ros2_ws/src/gcamp_ros2_basic/posenet_pkg/install/local_setup.bash'
[3.227s] INFO:colcon.colcon_core.shell:Creating prefix chain script '/root/gcamp_ros2_ws/src/gcamp_ros2_basic/posenet_pkg/install/setup.bash'
[3.217s] INFO:colcon.colcon_core.shell:Creating prefix script '/root/gcamp_ros2_ws/src/gcamp_ros2_basic/posenet_pkg/install/local_setup.zsh'
[3.234s] INFO:colcon.colcon_core.shell:Creating prefix script '/root/gcamp_ros2_ws/src/gcamp_ros2_basic/posenet_pkg/install/local_setup.bash'
[3.227s] INFO:colcon.colcon_core.shell:Creating package script '/root/gcamp_ros2_ws/src/gcamp_ros2_basic/posenet_pkg/install/posenet_pkg/share/posenet_pkg/package.ps1'
[3.234s] INFO:colcon.colcon_core.shell:Creating prefix chain script '/root/gcamp_ros2_ws/src/gcamp_ros2_basic/posenet_pkg/install/setup.bash'
[3.218s] INFO:colcon.colcon_core.shell:Creating prefix chain script '/root/gcamp_ros2_ws/src/gcamp_ros2_basic/posenet_pkg/install/setup.zsh'
[3.217s] INFO:colcon.colcon_core.shell:Creating prefix script '/root/gcamp_ros2_ws/src/gcamp_ros2_basic/posenet_pkg/install/local_setup.bash'
[3.229s] INFO:colcon.colcon_core.shell:Creating package descriptor '/root/gcamp_ros2_ws/src/gcamp_ros2_basic/posenet_pkg/install/posenet_pkg/share/posenet_pkg/package.dsv'
[3.218s] INFO:colcon.colcon_core.shell:Creating prefix chain script '/root/gcamp_ros2_ws/src/gcamp_ros2_basic/posenet_pkg/install/setup.bash'
[3.229s] INFO:colcon.colcon_core.shell:Creating prefix script '/root/gcamp_ros2_ws/src/gcamp_ros2_basic/posenet_pkg/install/local_setup.zsh'
[3.229s] INFO:colcon.colcon_core.shell:Creating package script '/root/gcamp_ros2_ws/src/gcamp_ros2_basic/posenet_pkg/install/posenet_pkg/share/posenet_pkg/package.sh'
[3.236s] INFO:colcon.colcon_core.shell:Creating prefix script '/root/gcamp_ros2_ws/src/gcamp_ros2_basic/posenet_pkg/install/local_setup.sh'
[3.230s] INFO:colcon.colcon_core.shell:Creating prefix chain script '/root/gcamp_ros2_ws/src/gcamp_ros2_basic/posenet_pkg/install/setup.zsh'
[3.237s] INFO:colcon.colcon_core.shell:Creating prefix util module '/root/gcamp_ros2_ws/src/gcamp_ros2_basic/posenet_pkg/install/_local_setup_util_sh.py'
[3.237s] INFO:colcon.colcon_core.shell:Creating prefix script '/root/gcamp_ros2_ws/src/gcamp_ros2_basic/posenet_pkg/install/local_setup.zsh'
[3.230s] INFO:colcon.colcon_core.shell:Creating package script '/root/gcamp_ros2_ws/src/gcamp_ros2_basic/posenet_pkg/install/posenet_pkg/share/posenet_pkg/package.bash'
[3.237s] INFO:colcon.colcon_core.shell:Creating prefix chain script '/root/gcamp_ros2_ws/src/gcamp_ros2_basic/posenet_pkg/install/setup.zsh'
[3.231s] INFO:colcon.colcon_core.shell:Creating package script '/root/gcamp_ros2_ws/src/gcamp_ros2_basic/posenet_pkg/install/posenet_pkg/share/posenet_pkg/package.zsh'
[3.220s] INFO:colcon.colcon_core.shell:Creating prefix script '/root/gcamp_ros2_ws/src/gcamp_ros2_basic/posenet_pkg/install/local_setup.zsh'
[3.221s] INFO:colcon.colcon_core.shell:Creating prefix chain script '/root/gcamp_ros2_ws/src/gcamp_ros2_basic/posenet_pkg/install/setup.zsh'
[3.232s] Level 1:colcon.colcon_core.environment:create_file_with_runtime_dependencies(/root/gcamp_ros2_ws/src/gcamp_ros2_basic/posenet_pkg/install/posenet_pkg/share/colcon-core/packages/posenet_pkg)
[3.239s] INFO:colcon.colcon_core.shell:Creating prefix chain script '/root/gcamp_ros2_ws/src/gcamp_ros2_basic/posenet_pkg/install/setup.sh'
[3.233s] DEBUG:colcon.colcon_parallel_executor.executor.parallel:closing loop
[3.233s] DEBUG:colcon.colcon_parallel_executor.executor.parallel:loop closed
[3.233s] DEBUG:colcon.colcon_parallel_executor.executor.parallel:run_until_complete finished with '0'
[3.241s] INFO:colcon.colcon_core.shell:Creating prefix script '/root/gcamp_ros2_ws/src/gcamp_ros2_basic/posenet_pkg/install/local_setup.bash'
[3.242s] INFO:colcon.colcon_core.shell:Creating prefix chain script '/root/gcamp_ros2_ws/src/gcamp_ros2_basic/posenet_pkg/install/setup.bash'
[3.244s] INFO:colcon.colcon_core.shell:Creating prefix script '/root/gcamp_ros2_ws/src/gcamp_ros2_basic/posenet_pkg/install/local_setup.zsh'
[3.245s] INFO:colcon.colcon_core.shell:Creating prefix chain script '/root/gcamp_ros2_ws/src/gcamp_ros2_basic/posenet_pkg/install/setup.zsh'
[3.233s] DEBUG:colcon.colcon_core.event_reactor:joining thread
[3.241s] INFO:colcon.colcon_core.plugin_system:Skipping extension 'colcon_notification.desktop_notification.notify_send': Could not find 'notify-send'
[3.241s] INFO:colcon.colcon_core.plugin_system:Skipping extension 'colcon_notification.desktop_notification.terminal_notifier': Not used on non-Darwin systems
[3.241s] INFO:colcon.colcon_core.plugin_system:Skipping extension 'colcon_notification.desktop_notification.win32': Not used on non-Windows systems
[3.241s] INFO:colcon.colcon_notification.desktop_notification:Sending desktop notification using 'notify2'
[3.247s] DEBUG:colcon.colcon_notification.desktop_notification.notify2:Failed to initialize notify2: org.freedesktop.DBus.Error.ServiceUnknown: The name org.freedesktop.Notifications was not provided by any .service files
[3.248s] DEBUG:colcon.colcon_core.event_reactor:joined thread
[3.250s] INFO:colcon.colcon_core.shell:Creating prefix script '/root/gcamp_ros2_ws/src/gcamp_ros2_basic/posenet_pkg/install/local_setup.ps1'
[3.252s] INFO:colcon.colcon_core.shell:Creating prefix util module '/root/gcamp_ros2_ws/src/gcamp_ros2_basic/posenet_pkg/install/_local_setup_util_ps1.py'
[3.254s] INFO:colcon.colcon_core.shell:Creating prefix chain script '/root/gcamp_ros2_ws/src/gcamp_ros2_basic/posenet_pkg/install/setup.ps1'
[3.258s] INFO:colcon.colcon_core.shell:Creating prefix script '/root/gcamp_ros2_ws/src/gcamp_ros2_basic/posenet_pkg/install/local_setup.sh'
[3.259s] INFO:colcon.colcon_core.shell:Creating prefix util module '/root/gcamp_ros2_ws/src/gcamp_ros2_basic/posenet_pkg/install/_local_setup_util_sh.py'
[3.259s] INFO:colcon.colcon_core.shell:Creating prefix chain script '/root/gcamp_ros2_ws/src/gcamp_ros2_basic/posenet_pkg/install/setup.sh'
[3.262s] INFO:colcon.colcon_core.shell:Creating prefix script '/root/gcamp_ros2_ws/src/gcamp_ros2_basic/posenet_pkg/install/local_setup.bash'
[3.262s] INFO:colcon.colcon_core.shell:Creating prefix chain script '/root/gcamp_ros2_ws/src/gcamp_ros2_basic/posenet_pkg/install/setup.bash'
[3.265s] INFO:colcon.colcon_core.shell:Creating prefix script '/root/gcamp_ros2_ws/src/gcamp_ros2_basic/posenet_pkg/install/local_setup.zsh'
[3.265s] INFO:colcon.colcon_core.shell:Creating prefix chain script '/root/gcamp_ros2_ws/src/gcamp_ros2_basic/posenet_pkg/install/setup.zsh'
