[1.333s] Invoking command in '/root/gcamp_ros2_ws/src/gcamp_ros2_basic/posenet_pkg/build/posenet_pkg': PYTHONPATH=/root/gcamp_ros2_ws/src/gcamp_ros2_basic/posenet_pkg/install/posenet_pkg/lib/python3.8/site-packages:${PYTHONPATH} /usr/bin/python3 setup.py develop --prefix /root/gcamp_ros2_ws/src/gcamp_ros2_basic/posenet_pkg/install/posenet_pkg --editable --build-directory /root/gcamp_ros2_ws/src/gcamp_ros2_basic/posenet_pkg/build/posenet_pkg/build --no-deps install_data --install-dir /root/gcamp_ros2_ws/src/gcamp_ros2_basic/posenet_pkg/install/posenet_pkg
[1.714s] running develop
[1.938s] running egg_info
[1.939s] writing posenet_pkg.egg-info/PKG-INFO
[1.939s] writing dependency_links to posenet_pkg.egg-info/dependency_links.txt
[1.939s] writing entry points to posenet_pkg.egg-info/entry_points.txt
[1.939s] writing requirements to posenet_pkg.egg-info/requires.txt
[1.939s] writing top-level names to posenet_pkg.egg-info/top_level.txt
[1.982s] reading manifest file 'posenet_pkg.egg-info/SOURCES.txt'
[1.983s] writing manifest file 'posenet_pkg.egg-info/SOURCES.txt'
[2.027s] running build_ext
[2.028s] Creating /root/gcamp_ros2_ws/src/gcamp_ros2_basic/posenet_pkg/install/posenet_pkg/lib/python3.8/site-packages/posenet-pkg.egg-link (link to .)
[2.028s] Installing Posenet_pytorch_node script to /root/gcamp_ros2_ws/src/gcamp_ros2_basic/posenet_pkg/install/posenet_pkg/lib/posenet_pkg
[2.028s] Installing image_publish_node script to /root/gcamp_ros2_ws/src/gcamp_ros2_basic/posenet_pkg/install/posenet_pkg/lib/posenet_pkg
[2.029s] Installing train_data_publish_node script to /root/gcamp_ros2_ws/src/gcamp_ros2_basic/posenet_pkg/install/posenet_pkg/lib/posenet_pkg
[2.029s] Installing train_data_rviz_node script to /root/gcamp_ros2_ws/src/gcamp_ros2_basic/posenet_pkg/install/posenet_pkg/lib/posenet_pkg
[2.029s] 
[2.029s] Installed /root/gcamp_ros2_ws/src/gcamp_ros2_basic/posenet_pkg/build/posenet_pkg
[2.029s] running install_data
[2.110s] Invoked command in '/root/gcamp_ros2_ws/src/gcamp_ros2_basic/posenet_pkg/build/posenet_pkg' returned '0': PYTHONPATH=/root/gcamp_ros2_ws/src/gcamp_ros2_basic/posenet_pkg/install/posenet_pkg/lib/python3.8/site-packages:${PYTHONPATH} /usr/bin/python3 setup.py develop --prefix /root/gcamp_ros2_ws/src/gcamp_ros2_basic/posenet_pkg/install/posenet_pkg --editable --build-directory /root/gcamp_ros2_ws/src/gcamp_ros2_basic/posenet_pkg/build/posenet_pkg/build --no-deps install_data --install-dir /root/gcamp_ros2_ws/src/gcamp_ros2_basic/posenet_pkg/install/posenet_pkg
