[1.341s] Invoking command in '/root/gcamp_ros2_ws/src/gcamp_ros2_basic/posenet_pkg/build/posenet_pkg': PYTHONPATH=/root/gcamp_ros2_ws/src/gcamp_ros2_basic/posenet_pkg/install/posenet_pkg/lib/python3.8/site-packages:${PYTHONPATH} /usr/bin/python3 setup.py develop --prefix /root/gcamp_ros2_ws/src/gcamp_ros2_basic/posenet_pkg/install/posenet_pkg --editable --build-directory /root/gcamp_ros2_ws/src/gcamp_ros2_basic/posenet_pkg/build/posenet_pkg/build --no-deps install_data --install-dir /root/gcamp_ros2_ws/src/gcamp_ros2_basic/posenet_pkg/install/posenet_pkg
[1.723s] running develop
[1.923s] running egg_info
[1.924s] writing posenet_pkg.egg-info/PKG-INFO
[1.924s] writing dependency_links to posenet_pkg.egg-info/dependency_links.txt
[1.924s] writing entry points to posenet_pkg.egg-info/entry_points.txt
[1.924s] writing requirements to posenet_pkg.egg-info/requires.txt
[1.924s] writing top-level names to posenet_pkg.egg-info/top_level.txt
[1.972s] reading manifest file 'posenet_pkg.egg-info/SOURCES.txt'
[1.973s] writing manifest file 'posenet_pkg.egg-info/SOURCES.txt'
[2.027s] running build_ext
[2.031s] Creating /root/gcamp_ros2_ws/src/gcamp_ros2_basic/posenet_pkg/install/posenet_pkg/lib/python3.8/site-packages/posenet-pkg.egg-link (link to .)
[2.031s] Installing Posenet_pytorch_node script to /root/gcamp_ros2_ws/src/gcamp_ros2_basic/posenet_pkg/install/posenet_pkg/lib/posenet_pkg
[2.032s] Installing image_publish_node script to /root/gcamp_ros2_ws/src/gcamp_ros2_basic/posenet_pkg/install/posenet_pkg/lib/posenet_pkg
[2.032s] Installing train_data_publish_node script to /root/gcamp_ros2_ws/src/gcamp_ros2_basic/posenet_pkg/install/posenet_pkg/lib/posenet_pkg
[2.032s] Installing train_data_rviz_node script to /root/gcamp_ros2_ws/src/gcamp_ros2_basic/posenet_pkg/install/posenet_pkg/lib/posenet_pkg
[2.032s] 
[2.032s] Installed /root/gcamp_ros2_ws/src/gcamp_ros2_basic/posenet_pkg/build/posenet_pkg
[2.032s] running install_data
[2.108s] Invoked command in '/root/gcamp_ros2_ws/src/gcamp_ros2_basic/posenet_pkg/build/posenet_pkg' returned '0': PYTHONPATH=/root/gcamp_ros2_ws/src/gcamp_ros2_basic/posenet_pkg/install/posenet_pkg/lib/python3.8/site-packages:${PYTHONPATH} /usr/bin/python3 setup.py develop --prefix /root/gcamp_ros2_ws/src/gcamp_ros2_basic/posenet_pkg/install/posenet_pkg --editable --build-directory /root/gcamp_ros2_ws/src/gcamp_ros2_basic/posenet_pkg/build/posenet_pkg/build --no-deps install_data --install-dir /root/gcamp_ros2_ws/src/gcamp_ros2_basic/posenet_pkg/install/posenet_pkg
